Method 'SystemVoidCosmosSystemKernelStart', ID = '0'
Method 'SystemVoidCosmosIL2CPURuntimeEngineInitializeApplication', ID = '1'
Method 'SystemVoidCosmosIL2CPURuntimeEngineFinalizeApplicationSystemInt32', ID = '2'
Method 'SystemBooleanCosmosIL2CPUVTablesImplIsInstanceSystemUInt32SystemUInt32SystemBoolean', ID = '3'
Method 'SystemVoidCosmosIL2CPUVTablesImplSetTypeInfoSystemInt32SystemUInt32SystemUInt32SystemUInt32arraySystemUInt32SystemUInt32arraySystemUInt32arraySystemUInt32SystemUInt32arraySystemUInt32array', ID = '4'
Method 'SystemVoidCosmosIL2CPUVTablesImplSetInterfaceInfoSystemInt32SystemInt32SystemUInt32', ID = '5'
Method 'SystemVoidCosmosIL2CPUVTablesImplSetMethodInfoSystemInt32SystemInt32SystemUInt32SystemUInt32', ID = '6'
Method 'SystemVoidCosmosIL2CPUVTablesImplSetInterfaceMethodInfoSystemInt32SystemInt32SystemUInt32SystemUInt32', ID = '7'
Method 'SystemUInt32CosmosIL2CPUVTablesImplGetMethodAddressForTypeSystemUInt32SystemUInt32', ID = '8'
Method 'SystemUInt32CosmosIL2CPUVTablesImplGetMethodAddressForInterfaceTypeSystemUInt32SystemUInt32', ID = '9'
Method 'SystemVoidCosmosIL2CPUExceptionHelperThrowNotImplementedSystemString', ID = '13'
Method 'SystemVoidCosmosIL2CPUExceptionHelperThrowOverflow', ID = '14'
Method 'SystemVoidCosmosIL2CPUExceptionHelperThrowInvalidOperationSystemString', ID = '15'
Method 'SystemVoidCosmosIL2CPUExceptionHelperThrowArgumentOutOfRangeSystemString', ID = '16'
Method 'SystemVoidSystemArrayctor', ID = '18'
Method 'SystemDelegatearraySystemMulticastDelegateGetInvocationList', ID = '19'
Method 'SystemVoidCosmosIL2CPUExceptionHelperThrowInvalidCastException', ID = '21'
Method 'SystemVoidCosmosIL2CPUExceptionHelperThrowNotFiniteNumberExceptionSystemDouble', ID = '22'
Method 'SystemVoidCosmosIL2CPUExceptionHelperThrowDivideByZeroException', ID = '23'
Method 'SystemVoidCosmosIL2CPUExceptionHelperThrowIndexOutOfRangeException', ID = '24'
Method 'SystemVoidUltimixOSKernelctor', ID = '25'
Method 'SystemVoidCosmosDebugKernelDebuggerSendSystemString', ID = '30'
Method 'SystemVoidCosmosHALBootstrapInit', ID = '34'
Method 'CosmosHALTextScreenBaseCosmosSystemKernelGetTextScreen', ID = '35'
Method 'SystemVoidCosmosSystemGlobalInitCosmosHALTextScreenBase', ID = '36'
Method 'SystemVoidCosmosSystemKernelBeforeRun', ID = '37'
Method 'SystemVoidCosmosHALGlobalEnableInterrupts', ID = '38'
Method 'SystemVoidCosmosSystemKernelAfterRun', ID = '40'
Method 'SystemVoidCosmosIL2CPURuntimeEngineInitializeEngine', ID = '44'
Method 'SystemVoidCosmosIL2CPURuntimeEngineHeap_Initialize', ID = '45'
Method 'SystemVoidCosmosIL2CPURuntimeEngineFinalizeEngine', ID = '47'
Method 'SystemVoidCosmosIL2CPURuntimeEngineExitProcessSystemInt32', ID = '48'
Method 'SystemVoidCosmosIL2CPUVTablesImplDebugSystemString', ID = '54'
Method 'SystemVoidCosmosIL2CPUVTablesImplDebugHexSystemStringSystemUInt32', ID = '55'
Method 'SystemVoidCosmosIL2CPUVTablesImplDebugAndHaltSystemString', ID = '57'
Method 'SystemVoidCosmosDebugKernelPlugsAsmDebuggerAsmSendKernelPanicSystemUInt32', ID = '59'
Method 'SystemVoidCosmosCore_PlugsGCImplementionImplIncRefCountSystemUInt32', ID = '61'
Method 'SystemVoidCosmosCore_PlugsGCImplementionImplDecRefCountSystemUInt32', ID = '62'
Method 'SystemUInt32CosmosCore_PlugsGCImplementionImplAllocNewObjectSystemUInt32', ID = '63'
Method 'SystemVoidSystemNotImplementedExceptionctorSystemString', ID = '65'
Method 'SystemVoidSystemOverflowExceptionctorSystemString', ID = '66'
Method 'SystemVoidSystemInvalidOperationExceptionctorSystemString', ID = '67'
Method 'SystemVoidSystemArgumentOutOfRangeExceptionctorSystemString', ID = '68'
Method 'SystemDelegatearraySystemDelegateGetInvocationList', ID = '79'
Method 'SystemInt32SystemIntPtrop_ExplicitSystemIntPtr', ID = '82'
Method 'SystemVoidSystemInvalidCastExceptionctor', ID = '83'
Method 'SystemVoidSystemNotFiniteNumberExceptionctorSystemDouble', ID = '85'
Method 'SystemVoidSystemDivideByZeroExceptionctor', ID = '86'
Method 'SystemVoidSystemIndexOutOfRangeExceptionctor', ID = '87'
Method 'SystemVoidCosmosSystemKernelctor', ID = '89'
Method 'SystemVoidCosmosSystemGlobalcctor', ID = '91'
Method 'SystemVoidCosmosCore_PlugsSystemExceptionImplCtorSystemString', ID = '95'
Method 'SystemVoidCosmosCoreBootstrapInit', ID = '102'
Method 'SystemVoidCosmosSystemConsolectorCosmosHALTextScreenBase', ID = '104'
Method 'SystemVoidCosmosHALGlobalInitCosmosHALTextScreenBase', ID = '106'
Method 'SystemVoidCosmosSystemGlobalset_NumLockSystemBoolean', ID = '107'
Method 'SystemVoidCosmosSystemGlobalset_CapsLockSystemBoolean', ID = '108'
Method 'SystemVoidCosmosSystemGlobalset_ScrollLockSystemBoolean', ID = '109'
Method 'SystemVoidUltimixOSKernelBeforeRun', ID = '110'
Method 'SystemVoidCosmosCoreCPUEnableInterrupts', ID = '112'
Method 'SystemVoidUltimixOSKernelRun', ID = '113'
Method 'SystemVoidCosmosSystem_PlugsSystemConsoleImplWriteLineSystemString', ID = '115'
Method 'SystemStringSystemValueTypeToString', ID = '116'
Method 'SystemStringSystemStringToString', ID = '117'
Method 'SystemStringSystemBooleanToString', ID = '120'
Method 'SystemStringCosmosCore_PlugsSystemObjectImplToString', ID = '123'
Method 'SystemVoidCosmosIL2CPURuntimeEnginecctor', ID = '124'
Method 'SystemVoidSystemBooleancctor', ID = '130'
Method 'SystemVoidCosmosIL2CPUVTablesImplcctor', ID = '133'
Method 'SystemVoidCosmosDebugKernelDebuggerSendNumberSystemUInt32', ID = '135'
Method 'SystemVoidCosmosCoreMemoryOldGlobalSystemInfoEnsureInitialized', ID = '143'
Method 'SystemUInt32CosmosCoreMemoryOldHeapMemAllocSystemUInt32', ID = '144'
Method 'SystemVoidSystemSystemExceptionctorSystemString', ID = '146'
Method 'SystemVoidSystemExceptionset_HResultSystemInt32', ID = '147'
Method 'SystemVoidSystemArithmeticExceptionctorSystemString', ID = '149'
Method 'SystemStringSystemSRget_Arg_ArgumentOutOfRangeException', ID = '152'
Method 'SystemVoidSystemArgumentExceptionctorSystemStringSystemString', ID = '153'
Method 'SystemVoidCosmosCore_PlugsSystemObjectImplCtor', ID = '154'
Method 'SystemStringSystemSRget_Arg_InvalidCastException', ID = '168'
Method 'SystemVoidSystemDoublecctor', ID = '169'
Method 'SystemVoidSystemArithmeticExceptionctor', ID = '173'
Method 'SystemStringSystemSRget_Arg_DivideByZero', ID = '175'
Method 'SystemStringSystemSRget_Arg_IndexOutOfRangeException', ID = '177'
Method 'SystemVoidUltimixOSKernelcctor', ID = '178'
Method 'SystemVoidCosmosDebugKernelDebuggerctorSystemStringSystemString', ID = '179'
Method 'SystemVoidCosmosDebugKernelPlugsAsmDebuggerAsmDoSendSystemString', ID = '181'
Method 'SystemVoidSystemExceptioncctor', ID = '182'
Method 'SystemVoidCosmosCoreINTsDummy', ID = '186'
Method 'SystemVoidCosmosCorePICctor', ID = '187'
Method 'SystemVoidCosmosHALTextScreenctor', ID = '200'
Method 'SystemVoidCosmosCoreGlobalInit', ID = '203'
Method 'SystemVoidCosmosHALPCISetup', ID = '205'
Method 'SystemVoidCosmosCoreACPIStartSystemBooleanSystemBoolean', ID = '206'
Method 'SystemVoidCosmosHALPS2ControllerInitialize', ID = '208'
Method 'SystemVoidCosmosHALBlockDeviceIDEInitDriver', ID = '209'
Method 'SystemVoidCosmosHALBlockDeviceAHCIInitDriver', ID = '210'
Method 'SystemVoidCosmosSystemKeyboardManagerset_NumLockSystemBoolean', ID = '211'
Method 'SystemVoidCosmosSystemKeyboardManagerset_CapsLockSystemBoolean', ID = '212'
Method 'SystemVoidCosmosSystemKeyboardManagerset_ScrollLockSystemBoolean', ID = '213'
Method 'SystemVoidUltimixOSDriversFSDriverinitFS', ID = '214'
Method 'SystemVoidCosmosHALGlobalcctor', ID = '215'
Method 'SystemVoidUltimixOSCLICLIrun', ID = '220'
Method 'SystemVoidSystemConsolecctor', ID = '221'
Method 'SystemStringSystemEnvironmentget_NewLine', ID = '223'
Method 'SystemStringSystemStringConcatSystemStringSystemString', ID = '224'
Method 'SystemVoidCosmosSystem_PlugsSystemConsoleImplWriteSystemString', ID = '225'
Method 'SystemStringCosmosSystem_PlugsSystemInt32ImplToString', ID = '227'
Method 'SystemStringCosmosSystem_PlugsSystemUInt32ImplToString', ID = '228'
Method 'SystemStringCosmosSystem_PlugsSystemDoubleImplToString', ID = '229'
Method 'SystemStringCosmosCore_PlugsSystemExceptionImplToString', ID = '230'
Method 'SystemUInt32CosmosCoreMemoryOldGlobalSystemInfoget_TotalDataLookupTableSize', ID = '242'
Method 'SystemBooleanCosmosCoreCPUDisableInterrupts', ID = '246'
Method 'SystemVoidCosmosCoreMemoryOldHeapEnsureIsInitialized', ID = '247'
Method 'CosmosCoreMemoryOldGlobalInformationTablepointerCosmosCoreMemoryOldGlobalSystemInfoget_GlobalInformationTable', ID = '248'
Method 'SystemBooleanCosmosCoreMemoryOldHeapScanDataLookupTableCosmosCoreMemoryOldDataLookupTablepointerSystemUInt32SystemUInt32', ID = '250'
Method 'CosmosCoreMemoryOldDataLookupEntrypointerCosmosCoreMemoryOldDataLookupTableGetEntrySystemUInt32', ID = '253'
Method 'SystemVoidCosmosCoreMemoryOldHeapClearMemorySystemVoidpointerSystemUInt32', ID = '255'
Method 'SystemStringSystemSRGetResourceStringSystemStringSystemString', ID = '260'
Method 'SystemDoubleSystemBitConverterInt64BitsToDoubleSystemInt64', ID = '263'
Method 'SystemStringSystemSRget_Arg_ArithmeticException', ID = '265'
Method 'SystemVoidUltimixOSDriversHypervisorctor', ID = '266'
Method 'SystemVoidUltimixOSCLICLIctor', ID = '268'
Method 'SystemVoidCosmosCoreBootstrapcctor', ID = '270'
Method 'SystemVoidCosmosCoreINTsHandleInterrupt_DefaultCosmosCoreINTsIRQContext', ID = '273'
Method 'SystemVoidCosmosCoreINTsHandleInterrupt_00CosmosCoreINTsIRQContext', ID = '274'
Method 'SystemVoidCosmosCoreINTsHandleInterrupt_01CosmosCoreINTsIRQContext', ID = '275'
Method 'SystemVoidCosmosCoreINTsHandleInterrupt_02CosmosCoreINTsIRQContext', ID = '276'
Method 'SystemVoidCosmosCoreINTsHandleInterrupt_03CosmosCoreINTsIRQContext', ID = '277'
Method 'SystemVoidCosmosCoreINTsHandleInterrupt_04CosmosCoreINTsIRQContext', ID = '278'
Method 'SystemVoidCosmosCoreINTsHandleInterrupt_05CosmosCoreINTsIRQContext', ID = '279'
Method 'SystemVoidCosmosCoreINTsHandleInterrupt_06CosmosCoreINTsIRQContext', ID = '280'
Method 'SystemVoidCosmosCoreINTsHandleInterrupt_07CosmosCoreINTsIRQContext', ID = '281'
Method 'SystemVoidCosmosCoreINTsHandleInterrupt_08CosmosCoreINTsIRQContext', ID = '282'
Method 'SystemVoidCosmosCoreINTsHandleInterrupt_09CosmosCoreINTsIRQContext', ID = '283'
Method 'SystemVoidCosmosCoreINTsHandleInterrupt_0ACosmosCoreINTsIRQContext', ID = '284'
Method 'SystemVoidCosmosCoreINTsHandleInterrupt_0BCosmosCoreINTsIRQContext', ID = '285'
Method 'SystemVoidCosmosCoreINTsHandleInterrupt_0CCosmosCoreINTsIRQContext', ID = '286'
Method 'SystemVoidCosmosCoreINTsHandleInterrupt_0DCosmosCoreINTsIRQContext', ID = '287'
Method 'SystemVoidCosmosCoreINTsHandleInterrupt_0ECosmosCoreINTsIRQContext', ID = '288'
Method 'SystemVoidCosmosCoreINTsHandleInterrupt_0FCosmosCoreINTsIRQContext', ID = '289'
Method 'SystemVoidCosmosCoreINTsHandleInterrupt_10CosmosCoreINTsIRQContext', ID = '290'
Method 'SystemVoidCosmosCoreINTsHandleInterrupt_11CosmosCoreINTsIRQContext', ID = '291'
Method 'SystemVoidCosmosCoreINTsHandleInterrupt_12CosmosCoreINTsIRQContext', ID = '292'
Method 'SystemVoidCosmosCoreINTsHandleInterrupt_13CosmosCoreINTsIRQContext', ID = '293'
Method 'SystemVoidCosmosCoreINTsHandleInterrupt_20CosmosCoreINTsIRQContext', ID = '294'
Method 'SystemVoidCosmosCoreINTsHandleInterrupt_21CosmosCoreINTsIRQContext', ID = '295'
Method 'SystemVoidCosmosCoreINTsHandleInterrupt_22CosmosCoreINTsIRQContext', ID = '296'
Method 'SystemVoidCosmosCoreINTsHandleInterrupt_23CosmosCoreINTsIRQContext', ID = '297'
Method 'SystemVoidCosmosCoreINTsHandleInterrupt_24CosmosCoreINTsIRQContext', ID = '298'
Method 'SystemVoidCosmosCoreINTsHandleInterrupt_25CosmosCoreINTsIRQContext', ID = '299'
Method 'SystemVoidCosmosCoreINTsHandleInterrupt_26CosmosCoreINTsIRQContext', ID = '300'
Method 'SystemVoidCosmosCoreINTsHandleInterrupt_27CosmosCoreINTsIRQContext', ID = '301'
Method 'SystemVoidCosmosCoreINTsHandleInterrupt_28CosmosCoreINTsIRQContext', ID = '302'
Method 'SystemVoidCosmosCoreINTsHandleInterrupt_29CosmosCoreINTsIRQContext', ID = '303'
Method 'SystemVoidCosmosCoreINTsHandleInterrupt_2ACosmosCoreINTsIRQContext', ID = '304'
Method 'SystemVoidCosmosCoreINTsHandleInterrupt_2BCosmosCoreINTsIRQContext', ID = '305'
Method 'SystemVoidCosmosCoreINTsHandleInterrupt_2CCosmosCoreINTsIRQContext', ID = '306'
Method 'SystemVoidCosmosCoreINTsHandleInterrupt_2DCosmosCoreINTsIRQContext', ID = '307'
Method 'SystemVoidCosmosCoreINTsHandleInterrupt_2ECosmosCoreINTsIRQContext', ID = '308'
Method 'SystemVoidCosmosCoreINTsHandleInterrupt_2FCosmosCoreINTsIRQContext', ID = '309'
Method 'SystemVoidCosmosCoreINTsHandleInterrupt_30CosmosCoreINTsIRQContext', ID = '310'
Method 'SystemVoidCosmosCoreINTsHandleInterrupt_35CosmosCoreINTsIRQContext', ID = '311'
Method 'SystemVoidCosmosCoreINTsHandleInterrupt_40CosmosCoreINTsIRQContext', ID = '312'
Method 'SystemVoidCosmosCoreINTsHandleInterrupt_41CosmosCoreINTsIRQContext', ID = '313'
Method 'SystemVoidCosmosCoreINTsHandleInterrupt_42CosmosCoreINTsIRQContext', ID = '314'
Method 'SystemVoidCosmosCoreINTsHandleInterrupt_43CosmosCoreINTsIRQContext', ID = '315'
Method 'SystemVoidCosmosCoreINTsHandleInterrupt_44CosmosCoreINTsIRQContext', ID = '316'
Method 'SystemVoidCosmosCoreINTsHandleInterrupt_45CosmosCoreINTsIRQContext', ID = '317'
Method 'SystemVoidCosmosCoreINTsHandleInterrupt_46CosmosCoreINTsIRQContext', ID = '318'
Method 'SystemVoidCosmosCoreINTsHandleInterrupt_47CosmosCoreINTsIRQContext', ID = '319'
Method 'SystemVoidCosmosCoreINTsHandleInterrupt_48CosmosCoreINTsIRQContext', ID = '320'
Method 'SystemVoidCosmosCoreINTsHandleInterrupt_49CosmosCoreINTsIRQContext', ID = '321'
Method 'SystemVoidCosmosCoreIOGroupPICctorSystemBoolean', ID = '323'
Method 'SystemVoidCosmosCorePICRemapSystemByteSystemByteSystemByteSystemByte', ID = '324'
Method 'SystemVoidCosmosCore_AsmCPUImplUpdateIDTSystemBoolean', ID = '325'
Method 'SystemVoidCosmosCore_AsmCPUImplInitSSE', ID = '326'
Method 'SystemVoidCosmosCore_AsmCPUImplInitFloat', ID = '327'
Method 'SystemUInt32CosmosCore_AsmMultibootImplGetMBIAddress', ID = '329'
Method 'SystemVoidCosmosCoreIOGroupTextScreenctor', ID = '331'
Method 'SystemVoidCosmosHALTextScreenBasector', ID = '332'
Method 'SystemVoidCosmosSystem_PlugsSystemConsoleImplClear', ID = '341'
Method 'SystemVoidSystemCollectionsGenericList1anonymousTypeCosmosHALPCIDevicector', ID = '343'
Method 'SystemUInt16CosmosHALPCIDeviceGetHeaderTypeSystemUInt16SystemUInt16SystemUInt16', ID = '345'
Method 'SystemVoidCosmosHALPCICheckBusSystemUInt16', ID = '346'
Method 'SystemUInt16CosmosHALPCIDeviceGetVendorIDSystemUInt16SystemUInt16SystemUInt16', ID = '347'
Method 'SystemBooleanCosmosCoreACPIInit', ID = '349'
Method 'SystemVoidCosmosCoreACPIEnable', ID = '350'
Method 'SystemVoidCosmosHALPS2ControllerSendCommandCosmosHALPS2ControllerCommandSystemNullable1anonymousTypeSystemByte', ID = '353'
Method 'SystemByteCosmosHALPS2ControllerReadData', ID = '354'
Method 'SystemBooleanCosmosHALPS2ControllerWaitToReadData', ID = '355'
Method 'SystemVoidSystemNullable1anonymousTypeSystemBytectorSystemByte', ID = '356'
Method 'SystemBooleanCosmosHALPS2ControllerTestPortSystemByte', ID = '357'
Method 'SystemVoidCosmosHALPS2ControllerIdentifyDeviceSystemByteCosmosHALDevice', ID = '358'
Method 'SystemVoidCosmosHALBlockDeviceIDEInitializeCosmosHALBlockDeviceAtaControllerIdEnumCosmosHALBlockDeviceAtaBusPositionEnum', ID = '361'
Method 'SystemVoidCosmosHALBlockDeviceAHCIctorCosmosHALPCIDevice', ID = '364'
Method 'SystemVoidCosmosSystemFileSystemVFSVFSManagerRegisterVFSCosmosSystemFileSystemVFSVFSBase', ID = '371'
Method 'SystemVoidCosmosHALPITctor', ID = '372'
Method 'SystemVoidCosmosHALPS2Controllerctor', ID = '374'
Method 'SystemVoidCosmosCore_AsmCPUImplDoEnableInterrupts', ID = '375'
Method 'SystemVoidUltimixOSDriversHypervisorConsoleOutSystemString', ID = '377'
Method 'SystemStringUltimixOSDriversHypervisorConsoleIn', ID = '378'
Method 'SystemBooleanSystemStringop_EqualitySystemStringSystemString', ID = '379'
Method 'SystemVoidUltimixOSDriversHypervisorConsoleOutLineSystemString', ID = '380'
Method 'SystemVoidUltimixOSDriversHypervisorShutdown', ID = '381'
Method 'SystemVoidUltimixOSDriversHypervisorReboot', ID = '382'
Method 'SystemVoidCosmosSystem_PlugsSystemConsoleImplcctor', ID = '386'
Method 'SystemBooleanSystemStringIsNullOrEmptySystemString', ID = '388'
Method 'SystemVoidSystemStringFillStringCheckedSystemStringSystemInt32SystemString', ID = '391'
Method 'CosmosSystemConsoleCosmosSystem_PlugsSystemConsoleImplGetConsole', ID = '392'
Method 'SystemBytearraySystemTextEncodingGetBytesSystemString', ID = '394'
Method 'SystemVoidCosmosSystemConsoleWriteSystemBytearray', ID = '395'
Method 'SystemTypeCosmosCore_PlugsSystemObjectImplGetType', ID = '397'
Method 'SystemStringCosmosCommonStringHelperGetNumberStringSystemInt32', ID = '400'
Method 'SystemStringCosmosCommonStringHelperGetNumberStringSystemUInt32', ID = '403'
Method 'SystemStringCosmosCommonStringHelperGetNumberStringSystemDouble', ID = '406'
Method 'SystemVoidCosmosCore_PlugsSystemObjectImplcctor', ID = '408'
Method 'SystemVoidCosmosDebugKernelPlugsAsmDebuggerAsmDoSendNumberSystemUInt32', ID = '409'
Method 'SystemUInt32CosmosCore_AsmCPUImplGetEndOfKernel', ID = '410'
Method 'SystemVoidCosmosCore_AsmCPUImplZeroFillSystemUInt32SystemUInt32', ID = '411'
Method 'SystemVoidCosmosCoreMemoryOldHeapcctor', ID = '412'
Method 'SystemVoidCosmosCoreMemoryOldHeapDoInitializeSystemUInt32', ID = '416'
Method 'SystemVoidSystemSRcctor', ID = '421'
Method 'SystemStringCosmosSystem_PlugsSystemIntPtrImplToString', ID = '424'
Method 'UltimixOSDriversHypervisorUltimixOSKernelgetHypervisor', ID = '428'
Method 'SystemVoidCosmosCoreCPUctor', ID = '429'
Method 'SystemVoidCosmosCoreINTscctor', ID = '430'
Method 'CosmosCorePICCosmosCoreGlobalget_PIC', ID = '432'
Method 'SystemVoidCosmosCorePICEoiSlave', ID = '433'
Method 'SystemVoidCosmosCorePICEoiMaster', ID = '434'
Method 'SystemVoidCosmosCoreINTsHandleExceptionSystemUInt32SystemStringSystemStringCosmosCoreINTsIRQContextSystemUInt32', ID = '435'
Method 'SystemVoidCosmosCore_AsmDelegateImplInvoke', ID = '638'
Method 'SystemVoidCosmosCoreINTsIRQSystemUInt32CosmosCoreINTsIRQContext', ID = '439'
Method 'SystemVoidCosmosCoreIOPortctorSystemUInt16', ID = '442'
Method 'SystemVoidCosmosCoreIOGroupIOGroupctor', ID = '443'
Method 'SystemByteCosmosCoreIOPortget_Byte', ID = '445'
Method 'SystemVoidCosmosCoreIOPortset_ByteSystemByte', ID = '446'
Method 'SystemVoidCosmosCoreIOPortWait', ID = '447'
Method 'SystemVoidCosmosCoreMemoryBlockctorSystemUInt32SystemUInt32', ID = '450'
Method 'SystemVoidCosmosHALDevicector', ID = '451'
Method 'SystemVoidCosmosHALTextScreenSetColorsSystemConsoleColorSystemConsoleColor', ID = '454'
Method 'SystemUInt16CosmosHALTextScreenget_Cols', ID = '456'
Method 'SystemUInt16CosmosHALTextScreenget_Rows', ID = '457'
Method 'SystemVoidCosmosHALTextScreenSetCursorSizeSystemInt32', ID = '458'
Method 'SystemVoidCosmosHALTextScreenSetCursorVisibleSystemBoolean', ID = '459'
Method 'SystemVoidCosmosCoreGlobalcctor', ID = '460'
Method 'SystemVoidCosmosSystemConsoleClear', ID = '461'
Method 'SystemUInt32CosmosHALPCIDeviceGetAddressBaseSystemUInt32SystemUInt32SystemUInt32', ID = '465'
Method 'SystemVoidCosmosCoreIOPortset_DWordSystemUInt32', ID = '468'
Method 'SystemUInt32CosmosCoreIOPortget_DWord', ID = '469'
Method 'SystemVoidCosmosHALPCIDevicectorSystemUInt32SystemUInt32SystemUInt32', ID = '470'
Method 'SystemVoidCosmosHALPCICheckFunctionCosmosHALPCIDevice', ID = '471'
Method 'SystemVoidCosmosCoreACPIcctor', ID = '472'
Method 'SystemUInt32CosmosCoreACPIRSDPAddress', ID = '473'
Method 'SystemInt32CosmosCoreACPIacpiCheckHeaderSystemBytepointerSystemString', ID = '474'
Method 'SystemInt32pointerCosmosCoreACPIfacpgetSystemInt32', ID = '476'
Method 'SystemInt32CosmosCoreACPICompareSystemStringSystemBytepointer', ID = '477'
Method 'SystemByteCosmosCoreACPIfacpbgetSystemInt32', ID = '481'
Method 'SystemStringSystemNullable1anonymousTypeSystemByteToString', ID = '492'
Method 'SystemBooleanCosmosHALPS2ControllerWaitToWrite', ID = '494'
Method 'SystemVoidCosmosCoreIOPortWriteset_ByteSystemByte', ID = '496'
Method 'SystemBooleanSystemNullable1anonymousTypeSystemByteget_HasValue', ID = '497'
Method 'SystemByteSystemNullable1anonymousTypeSystemByteget_Value', ID = '498'
Method 'SystemByteCosmosCoreIOPortReadget_Byte', ID = '499'
Method 'SystemStringCosmosCommonExtensionsToHexStringToHexSystemByte', ID = '501'
Method 'SystemStringSystemStringConcatSystemStringSystemStringSystemStringSystemString', ID = '502'
Method 'SystemStringSystemStringConcatSystemStringarray', ID = '503'
Method 'SystemStringSystemStringConcatSystemStringSystemStringSystemString', ID = '504'
Method 'SystemVoidCosmosHALPS2ControllerSendDeviceCommandCosmosHALPS2ControllerDeviceCommandSystemBooleanSystemNullable1anonymousTypeSystemByte', ID = '506'
Method 'SystemBooleanCosmosHALPS2ControllerReadByteAfterAckWithTimeoutSystemByte', ID = '507'
Method 'SystemVoidCosmosHALPS2MousectorSystemByteSystemByte', ID = '508'
Method 'SystemBooleanCosmosHALPS2ControllerReadDataWithTimeoutSystemByte', ID = '510'
Method 'SystemVoidCosmosHALPS2KeyboardctorSystemByte', ID = '511'
Method 'SystemVoidCosmosHALBlockDeviceIDEcctor', ID = '513'
Method 'SystemVoidCosmosHALBlockDeviceAtaPioctorCosmosCoreIOGroupATACosmosHALBlockDeviceAtaControllerIdEnumCosmosHALBlockDeviceAtaBusPositionEnum', ID = '518'
Method 'CosmosHALBlockDeviceAtaPioSpecLevelCosmosHALBlockDeviceAtaPioget_DriveType', ID = '519'
Method 'SystemVoidSystemCollectionsGenericList1anonymousTypeCosmosHALBlockDeviceBlockDeviceAddCosmosHALBlockDeviceBlockDevice', ID = '522'
Method 'SystemBooleanCosmosHALBlockDeviceGPTIsGPTPartitionCosmosHALBlockDeviceBlockDevice', ID = '525'
Method 'SystemVoidCosmosHALBlockDeviceGPTctorCosmosHALBlockDeviceBlockDevice', ID = '526'
Method 'SystemInt32SystemCollectionsGenericList1anonymousTypeCosmosHALBlockDeviceGPTGPartInfoget_Count', ID = '528'
Method 'SystemVoidCosmosDebugKernelDebuggerSendNumberSystemInt32', ID = '529'
Method 'CosmosHALBlockDeviceGPTGPartInfoSystemCollectionsGenericList1anonymousTypeCosmosHALBlockDeviceGPTGPartInfoget_ItemSystemInt32', ID = '530'
Method 'SystemVoidCosmosHALBlockDevicePartitionctorCosmosHALBlockDeviceBlockDeviceSystemUInt64SystemUInt64', ID = '532'
Method 'SystemVoidCosmosHALBlockDeviceMBRctorSystemBytearray', ID = '534'
Method 'SystemVoidCosmosHALBlockDeviceEBRctorSystemBytearray', ID = '536'
Method 'SystemInt32SystemCollectionsGenericList1anonymousTypeCosmosHALBlockDeviceEBRPartInfoget_Count', ID = '538'
Method 'SystemInt32SystemCollectionsGenericList1anonymousTypeCosmosHALBlockDeviceMBRPartInfoget_Count', ID = '539'
Method 'CosmosHALBlockDeviceMBRPartInfoSystemCollectionsGenericList1anonymousTypeCosmosHALBlockDeviceMBRPartInfoget_ItemSystemInt32', ID = '540'
Method 'SystemVoidCosmosHALBlockDeviceAHCIcctor', ID = '542'
Method 'SystemVoidCosmosHALPCIDeviceEnableBusMasterSystemBoolean', ID = '543'
Method 'SystemVoidCosmosHALPCIDeviceEnableMemorySystemBoolean', ID = '544'
Method 'SystemUInt32CosmosHALPCIBaseAddressBarget_BaseAddress', ID = '545'
Method 'SystemVoidCosmosHALBlockDeviceRegistersGenericRegistersctorSystemUInt32', ID = '547'
Method 'SystemUInt32CosmosHALBlockDeviceRegistersGenericRegistersget_GlobalHostControl', ID = '549'
Method 'SystemVoidCosmosHALBlockDeviceRegistersGenericRegistersset_GlobalHostControlSystemUInt32', ID = '550'
Method 'SystemVoidCosmosHALBlockDeviceAHCIGetCapabilities', ID = '551'
Method 'SystemVoidSystemCollectionsGenericList1anonymousTypeCosmosHALBlockDevicePortsStoragePortset_CapacitySystemInt32', ID = '554'
Method 'SystemVoidCosmosHALBlockDeviceAHCIGetPorts', ID = '555'
Method 'SystemCollectionsGenericList1EnumeratoranonymousTypeCosmosHALBlockDevicePortsStoragePortSystemCollectionsGenericList1anonymousTypeCosmosHALBlockDevicePortsStoragePortGetEnumerator', ID = '556'
Method 'CosmosHALBlockDevicePortsStoragePortSystemCollectionsGenericList1EnumeratoranonymousTypeCosmosHALBlockDevicePortsStoragePortget_Current', ID = '557'
Method 'SystemBooleanSystemCollectionsGenericList1EnumeratoranonymousTypeCosmosHALBlockDevicePortsStoragePortMoveNext', ID = '564'
Method 'SystemVoidCosmosSystemKeyboardManagercctor', ID = '567'
Method 'SystemVoidUltimixOSDriversFSDrivercctor', ID = '568'
Method 'SystemVoidSystemCollectionsGenericList1anonymousTypeCosmosHALPITPITTimerctor', ID = '574'
Method 'SystemVoidCosmosHALPITHandleIRQCosmosCoreINTsIRQContext', ID = '575'
Method 'SystemVoidCosmosCore_AsmDelegateImplCtorSystemObjectSystemIntPtr', ID = '800'
Method 'SystemVoidCosmosCoreINTsSetIrqHandlerSystemByteCosmosCoreINTsIRQDelegate', ID = '577'
Method 'SystemVoidCosmosHALPITset_T0CountdownSystemUInt16', ID = '578'
Method 'SystemBooleanSystemStringEqualsSystemStringSystemString', ID = '581'
Method 'SystemVoidCosmosSystemPowerShutdown', ID = '582'
Method 'SystemVoidCosmosSystemPowerReboot', ID = '583'
Method 'SystemTextEncodingSystemTextEncodingget_ASCII', ID = '586'
Method 'SystemInt32CosmosCore_PlugsSystemStringImplget_LengthSystemInt32', ID = '590'
Method 'SystemStringCosmosCore_PlugsSystemStringImplFastAllocateStringSystemInt32', ID = '591'
Method 'SystemVoidSystemStringwstrcpySystemCharpointerSystemCharpointerSystemInt32', ID = '592'
Method 'SystemStringSystemSRget_ArgumentNull_String', ID = '595'
Method 'SystemVoidSystemArgumentNullExceptionctorSystemStringSystemString', ID = '596'
Method 'SystemInt32SystemTextEncodingGetByteCountSystemString', ID = '597'
Method 'SystemInt32SystemTextEncodingGetBytesSystemStringSystemInt32SystemInt32SystemBytearraySystemInt32', ID = '598'
Method 'SystemVoidCosmosSystemConsoleDoLineFeed', ID = '599'
Method 'SystemVoidCosmosSystemConsoleDoCarriageReturn', ID = '600'
Method 'SystemVoidCosmosSystemConsoleDoTab', ID = '601'
Method 'SystemVoidCosmosSystemConsoleWriteSystemByte', ID = '602'
Method 'SystemStringSystemTypeToString', ID = '605'
Method 'SystemVoidCosmosCoreCosmosRuntimeTypectorSystemUInt32', ID = '609'
Method 'SystemInt64SystemBitConverterDoubleToInt64BitsSystemDouble', ID = '611'
Method 'SystemStringSystemCharToString', ID = '613'
Method 'SystemStringSystemStringSubstringSystemInt32SystemInt32', ID = '617'
Method 'SystemStringSystemArgumentOutOfRangeExceptionget_Message', ID = '618'
Method 'SystemStringSystemArgumentExceptionget_Message', ID = '619'
Method 'SystemStringCosmosCore_PlugsSystemExceptionImplget_Message', ID = '620'
Method 'SystemVoidCosmosCore_AsmCPUImplDoDisableInterrupts', ID = '621'
Method 'SystemUInt32CosmosCore_AsmCPUImplGetAmountOfRAM', ID = '622'
Method 'SystemStringCosmosCore_PlugsSystemSRImplInternalGetResourceStringSystemString', ID = '626'
Method 'SystemBooleanCosmosCore_PlugsSystemStringImplEqualsSystemStringSystemStringComparison', ID = '628'
Method 'SystemVoidSystemBitConvertercctor', ID = '633'
Method 'SystemVoidCosmosCoreINTsPutErrorCharSystemInt32SystemInt32SystemChar', ID = '636'
Method 'SystemVoidCosmosCoreINTsPutErrorStringSystemInt32SystemInt32SystemString', ID = '637'
Method 'SystemVoidCosmosCoreIOPortBasectorSystemUInt16', ID = '640'
Method 'SystemVoidCosmosCoreMemoryBlock08ctorSystemUInt32SystemUInt32', ID = '646'
Method 'SystemVoidCosmosCoreMemoryBlock16ctorSystemUInt32SystemUInt32', ID = '647'
Method 'SystemVoidCosmosCoreMemoryBlock32ctorSystemUInt32SystemUInt32', ID = '648'
Method 'SystemVoidCosmosCoreBaseIOGroupsctor', ID = '655'
Method 'SystemVoidCosmosSystemConsoleUpdateCursor', ID = '657'
Method 'SystemVoidSystemCollectionsGenericList1anonymousTypeCosmosHALPCIDevicecctor', ID = '658'
Method 'SystemVoidCosmosHALPCIDevicecctor', ID = '664'
Method 'SystemUInt16CosmosHALPCIDeviceReadRegister16SystemByte', ID = '667'
Method 'SystemByteCosmosHALPCIDeviceReadRegister8SystemByte', ID = '668'
Method 'SystemVoidCosmosHALPCIDeviceset_InterruptLineSystemByte', ID = '669'
Method 'SystemUInt32CosmosHALPCIDeviceReadRegister32SystemByte', ID = '671'
Method 'SystemVoidCosmosHALPCIBaseAddressBarctorSystemUInt32', ID = '672'
Method 'SystemVoidSystemCollectionsGenericList1anonymousTypeCosmosHALPCIDeviceAddCosmosHALPCIDevice', ID = '673'
Method 'SystemBooleanCosmosCoreACPICheck_RSDSystemUInt32', ID = '675'
Method 'SystemVoidSystemThrowHelperThrowInvalidOperationExceptionSystemExceptionResource', ID = '679'
Method 'SystemStringCosmosSystem_PlugsSystemByteImplToString', ID = '681'
Method 'SystemStringCosmosCommonExtensionsToHexStringConvertToHexSystemUInt32SystemInt32', ID = '683'
Method 'SystemVoidSystemArgumentNullExceptionctorSystemString', ID = '685'
Method 'SystemObjectSystemArrayClone', ID = '687'
Method 'SystemBooleanCosmosHALPS2ControllerWaitForAck', ID = '689'
Method 'SystemVoidCosmosHALMouseBasector', ID = '692'
Method 'SystemVoidCosmosHALPS2MouseInitialize', ID = '694'
Method 'SystemVoidCosmosHALKeyboardBasector', ID = '696'
Method 'SystemVoidCosmosHALPS2KeyboardInitialize', ID = '698'
Method 'CosmosHALPCIDeviceCosmosHALPCIGetDeviceClassCosmosHALClassIDCosmosHALSubclassID', ID = '699'
Method 'SystemVoidCosmosCoreBaseIOGroupscctor', ID = '700'
Method 'SystemVoidCosmosHALBlockDeviceAtactor', ID = '703'
Method 'CosmosHALBlockDeviceAtaPioSpecLevelCosmosHALBlockDeviceAtaPioDiscoverDrive', ID = '704'
Method 'SystemVoidCosmosHALBlockDeviceAtaPioInitDrive', ID = '705'
Method 'SystemVoidCosmosHALBlockDeviceBlockDevicecctor', ID = '707'
Method 'SystemVoidSystemCollectionsGenericList1anonymousTypeCosmosHALBlockDeviceBlockDeviceAddWithResizeCosmosHALBlockDeviceBlockDevice', ID = '709'
Method 'SystemVoidCosmosHALBlockDeviceAtacctor', ID = '710'
Method 'SystemStringCosmosHALBlockDeviceAtaToString', ID = '711'
Method 'SystemUInt64SystemBitConverterToUInt64SystemBytearraySystemInt32', ID = '712'
Method 'SystemVoidSystemCollectionsGenericList1anonymousTypeCosmosHALBlockDeviceGPTGPartInfoctor', ID = '713'
Method 'SystemUInt32SystemBitConverterToUInt32SystemBytearraySystemInt32', ID = '714'
Method 'SystemVoidCosmosHALBlockDeviceGPTParseParitionSystemBytearraySystemUInt32', ID = '715'
Method 'SystemVoidSystemThrowHelperThrowArgumentOutOfRange_IndexException', ID = '718'
Method 'SystemVoidCosmosHALBlockDeviceBlockDevicector', ID = '721'
Method 'SystemUInt64CosmosHALBlockDeviceBlockDeviceget_BlockSize', ID = '722'
Method 'SystemVoidCosmosHALBlockDeviceAtaPioReadBlockSystemUInt64SystemUInt64SystemBytearray', ID = '724'
Method 'SystemVoidCosmosHALBlockDevicePartitionReadBlockSystemUInt64SystemUInt64SystemBytearray', ID = '725'
Method 'SystemVoidSystemCollectionsGenericList1anonymousTypeCosmosHALBlockDeviceMBRPartInfoctor', ID = '726'
Method 'SystemVoidCosmosHALBlockDeviceMBRParsePartitionSystemBytearraySystemUInt32', ID = '727'
Method 'SystemVoidSystemCollectionsGenericList1anonymousTypeCosmosHALBlockDeviceEBRPartInfoctor', ID = '728'
Method 'SystemVoidCosmosHALBlockDeviceEBRParsePartitionSystemBytearraySystemUInt32', ID = '729'
Method 'CosmosHALPCIDeviceCosmosHALPCIGetDeviceClassCosmosHALClassIDCosmosHALSubclassIDCosmosHALProgramIF', ID = '732'
Method 'SystemVoidSystemCollectionsGenericList1anonymousTypeCosmosHALBlockDevicePortsStoragePortctor', ID = '733'
Method 'SystemVoidCosmosHALPCIDeviceWriteRegister16SystemByteSystemUInt16', ID = '734'
Method 'SystemUInt32CosmosCoreMemoryBlockget_ItemSystemUInt32', ID = '736'
Method 'SystemVoidCosmosCoreMemoryBlockset_ItemSystemUInt32SystemUInt32', ID = '737'
Method 'SystemUInt32CosmosHALBlockDeviceRegistersGenericRegistersget_Capabilities', ID = '738'
Method 'SystemVoidSystemThrowHelperThrowArgumentOutOfRangeExceptionSystemExceptionArgumentSystemExceptionResource', ID = '759'
Method 'SystemVoidSystemArrayCopySystemArraySystemInt32SystemArraySystemInt32SystemInt32', ID = '761'
Method 'SystemUInt32CosmosHALBlockDeviceRegistersGenericRegistersget_ImplementedPorts', ID = '763'
Method 'SystemVoidCosmosHALBlockDeviceRegistersPortRegistersctorSystemUInt32SystemUInt32', ID = '764'
Method 'CosmosHALBlockDeviceRegistersPortTypeCosmosHALBlockDeviceAHCICheckPortTypeCosmosHALBlockDeviceRegistersPortRegisters', ID = '765'
Method 'SystemStringSystemStringPadLeftSystemInt32SystemChar', ID = '767'
Method 'SystemVoidCosmosHALBlockDeviceAHCIPortRebaseCosmosHALBlockDeviceRegistersPortRegistersSystemUInt32', ID = '768'
Method 'SystemVoidCosmosHALBlockDevicePortsSATActorCosmosHALBlockDeviceRegistersPortRegisters', ID = '769'
Method 'SystemVoidSystemCollectionsGenericList1anonymousTypeCosmosHALBlockDevicePortsStoragePortAddCosmosHALBlockDevicePortsStoragePort', ID = '770'
Method 'SystemVoidSystemCollectionsGenericList1EnumeratoranonymousTypeCosmosHALBlockDevicePortsStoragePortctorSystemCollectionsGenericList1anonymousTypeCosmosHALBlockDevicePortsStoragePort', ID = '771'
Method 'SystemStringCosmosCore_PlugsSystemStringImplFormatSystemStringSystemObjectSystemObject', ID = '773'
Method 'SystemStringCosmosCore_PlugsSystemStringImplFormatSystemStringSystemObject', ID = '774'
Method 'SystemBooleanSystemCollectionsGenericList1EnumeratoranonymousTypeCosmosHALBlockDevicePortsStoragePortMoveNextRare', ID = '775'
Method 'SystemVoidSystemCollectionsGenericList1EnumeratoranonymousTypeCosmosHALBlockDevicePortsStoragePortDispose', ID = '779'
Method 'SystemVoidSystemCollectionsGenericList1anonymousTypeCosmosHALKeyboardBasector', ID = '780'
Method 'SystemVoidCosmosSystemScanMapsUS_Standardctor', ID = '782'
Method 'SystemVoidSystemCollectionsGenericQueue1anonymousTypeCosmosSystemKeyEventctor', ID = '784'
Method 'SystemCollectionsGenericIEnumerable1anonymousTypeCosmosHALKeyboardBaseCosmosHALGlobalGetKeyboardDevices', ID = '786'
Method 'SystemVoidCosmosSystemKeyboardManagerAddKeyboardCosmosHALKeyboardBase', ID = '789'
Method 'SystemVoidCosmosSystemFileSystemCosmosVFSctor', ID = '791'
Method 'SystemUInt32CosmosHALPITget_T0DelyNS', ID = '794'
Method 'SystemInt32SystemCollectionsGenericList1anonymousTypeCosmosHALPITPITTimerget_Count', ID = '795'
Method 'CosmosHALPITPITTimerSystemCollectionsGenericList1anonymousTypeCosmosHALPITPITTimerget_ItemSystemInt32', ID = '796'
Method 'SystemVoidSystemCollectionsGenericList1anonymousTypeCosmosHALPITPITTimerRemoveAtSystemInt32', ID = '798'
Method 'SystemVoidCosmosCore_AsmDelegateImplInvoke', ID = '638'
Method 'SystemVoidCosmosCoreINTsSetIntHandlerSystemByteCosmosCoreINTsIRQDelegate', ID = '801'
Method 'SystemStringCosmosSystem_PlugsSystemConsoleImplReadLine', ID = '803'
Method 'SystemVoidCosmosHALPowerACPIShutdown', ID = '806'
Method 'SystemVoidCosmosHALPowerCPUReboot', ID = '807'
Method 'SystemVoidCosmosCore_PlugsSystemEnvironmentImplCCtor', ID = '810'
Method 'SystemVoidSystemBufferMemcpySystemBytepointerSystemBytepointerSystemInt32', ID = '814'
Method 'SystemVoidSystemTextEncodingcctor', ID = '815'
Method 'SystemInt32SystemTextASCIIEncodingGetByteCountSystemString', ID = '822'
Method 'SystemInt32SystemTextASCIIEncodingGetBytesSystemStringSystemInt32SystemInt32SystemBytearraySystemInt32', ID = '824'
Method 'SystemVoidCosmosCore_PlugsSystemTypeImplCCtor', ID = '828'
Method 'SystemVoidCosmosCoreCosmosRuntimeTypector', ID = '831'
Method 'SystemVoidCosmosCommonStringHelpercctor', ID = '832'
Method 'SystemStringCosmosSystem_PlugsSystemUInt64ImplToString', ID = '833'
Method 'SystemStringSystemCharToStringSystemChar', ID = '834'
Method 'SystemCharCosmosCore_PlugsSystemStringImplget_CharsSystemInt32SystemCharpointer', ID = '835'
Method 'SystemChararrayCosmosCore_PlugsSystemStringImplToCharArray', ID = '837'
Method 'SystemVoidCosmosCore_PlugsSystemStringImplCtorSystemChararraySystemStringSystemInt32SystemCharpointer', ID = '838'
Method 'SystemStringSystemSRget_ArgumentOutOfRange_StartIndex', ID = '839'
Method 'SystemVoidSystemArgumentOutOfRangeExceptionctorSystemStringSystemString', ID = '840'
Method 'SystemStringSystemSRget_ArgumentOutOfRange_StartIndexLargerThanLength', ID = '841'
Method 'SystemStringSystemSRget_ArgumentOutOfRange_NegativeLength', ID = '842'
Method 'SystemStringSystemSRget_ArgumentOutOfRange_IndexLength', ID = '843'
Method 'SystemStringSystemStringInternalSubStringSystemInt32SystemInt32', ID = '844'
Method 'SystemStringSystemSRget_ArgumentOutOfRange_ActualValue', ID = '845'
Method 'SystemStringSystemSRFormatSystemStringSystemObject', ID = '846'
Method 'SystemStringSystemSRget_Arg_ParamName_Name', ID = '847'
Method 'SystemStringSystemStringToLower', ID = '849'
Method 'SystemBooleanCosmosCore_PlugsSystemStringImplEqualsHelperSystemStringSystemString', ID = '850'
Method 'SystemStringCosmosSystem_PlugsSystemInt64ImplToString', ID = '851'
Method 'SystemVoidSystemNotImplementedExceptionctor', ID = '854'
Method 'SystemByteCosmosCore_AsmIOPortImplRead8SystemUInt16', ID = '855'
Method 'SystemVoidCosmosCore_AsmIOPortImplWrite8SystemUInt16SystemByte', ID = '856'
Method 'SystemStringCosmosSystem_PlugsSystemEnumImplToString', ID = '860'
Method 'SystemStringCosmosSystem_PlugsSystemUInt16ImplToString', ID = '861'
Method 'SystemVoidCosmosCoreIOGroupPS2Controllerctor', ID = '862'
Method 'SystemVoidCosmosCoreIOGroupPITctor', ID = '863'
Method 'SystemVoidCosmosCoreIOGroupATActorSystemBoolean', ID = '864'
Method 'SystemVoidCosmosCoreIOGroupRTCctor', ID = '865'
Method 'SystemVoidCosmosCoreIOGroupVBEIOGroupctor', ID = '866'
Method 'SystemVoidCosmosHALTextScreenClear', ID = '867'
Method 'SystemVoidCosmosCoreIOGroupPCIctor', ID = '869'
Method 'SystemVoidCosmosCore_AsmIOPortImplWrite32SystemUInt16SystemUInt32', ID = '870'
Method 'SystemUInt32CosmosCore_AsmIOPortImplRead32SystemUInt16', ID = '871'
Method 'SystemVoidSystemCollectionsGenericList1anonymousTypeCosmosHALPCIDeviceAddWithResizeCosmosHALPCIDevice', ID = '872'
Method 'SystemInvalidOperationExceptionSystemThrowHelperGetInvalidOperationExceptionSystemExceptionResource', ID = '875'
Method 'SystemStringCosmosCommonExtensionsToHexStringConvertToHexSystemUInt32', ID = '877'
Method 'SystemStringSystemSRget_ArgumentNull_Generic', ID = '883'
Method 'SystemVoidCosmosCore_PlugsSystemOutOfMemoryExceptionImplCtor', ID = '885'
Method 'SystemVoidCosmosHALPS2Mousecctor', ID = '887'
Method 'SystemVoidCosmosHALPS2MouseSendCommandCosmosHALPS2MouseCommandSystemNullable1anonymousTypeSystemByte', ID = '888'
Method 'SystemBooleanCosmosHALPS2ControllerWaitForDeviceReset', ID = '889'
Method 'SystemByteCosmosHALPS2MouseTryToEnableScrollWheel', ID = '890'
Method 'SystemByteCosmosHALPS2MouseTryToEnableAdditionalButtons', ID = '891'
Method 'SystemVoidCosmosHALPS2MouseHandleMouseCosmosCoreINTsIRQContext', ID = '892'
Method 'SystemVoidCosmosHALPS2KeyboardSendCommandCosmosHALPS2KeyboardCommandSystemNullable1anonymousTypeSystemByte', ID = '893'
Method 'SystemVoidCosmosHALPS2KeyboardHandleIRQCosmosCoreINTsIRQContext', ID = '894'
Method 'SystemCollectionsGenericList1EnumeratoranonymousTypeCosmosHALPCIDeviceSystemCollectionsGenericList1anonymousTypeCosmosHALPCIDeviceGetEnumerator', ID = '898'
Method 'CosmosHALPCIDeviceSystemCollectionsGenericList1EnumeratoranonymousTypeCosmosHALPCIDeviceget_Current', ID = '899'
Method 'SystemBooleanSystemCollectionsGenericList1EnumeratoranonymousTypeCosmosHALPCIDeviceMoveNext', ID = '900'
Method 'SystemVoidCosmosCoreIOGroupPCSpeakerctor', ID = '902'
Method 'SystemVoidCosmosHALBlockDeviceAtaPiocctor', ID = '904'
Method 'SystemStringCosmosHALBlockDeviceAtaPioToString', ID = '905'
Method 'SystemVoidCosmosHALBlockDeviceAtaPioSelectDriveSystemByte', ID = '906'
Method 'CosmosHALBlockDeviceAtaPioStatusCosmosHALBlockDeviceAtaPioSendCmdCosmosHALBlockDeviceAtaPioCmdSystemBoolean', ID = '907'
Method 'CosmosHALBlockDeviceAtaPioStatusCosmosHALBlockDeviceAtaPioSendCmdCosmosHALBlockDeviceAtaPioCmd', ID = '908'
Method 'SystemVoidCosmosCoreIOPortBaseRead16SystemUInt16array', ID = '909'
Method 'SystemStringCosmosHALBlockDeviceAtaPioGetStringSystemUInt16arraySystemInt32SystemInt32', ID = '910'
Method 'SystemVoidSystemCollectionsGenericList1anonymousTypeCosmosHALBlockDeviceBlockDevicector', ID = '911'
Method 'SystemVoidSystemCollectionsGenericList1anonymousTypeCosmosHALBlockDeviceBlockDevicecctor', ID = '912'
Method 'SystemVoidSystemCollectionsGenericList1anonymousTypeCosmosHALBlockDeviceBlockDeviceEnsureCapacitySystemInt32', ID = '918'
Method 'SystemInt64SystemBitConverterReadInt64SystemBytearraySystemInt32', ID = '919'
Method 'SystemInt32SystemBitConverterReadInt32SystemBytearraySystemInt32', ID = '921'
Method 'SystemVoidSystemArrayCopySystemArraySystemInt64SystemArraySystemInt64SystemInt64', ID = '922'
Method 'SystemVoidSystemGuidctorSystemBytearray', ID = '923'
Method 'SystemBooleanSystemGuidop_InequalitySystemGuidSystemGuid', ID = '926'
Method 'SystemVoidCosmosHALBlockDeviceGPTGPartInfoctorSystemGuidSystemGuidSystemUInt64SystemUInt64', ID = '927'
Method 'SystemVoidSystemCollectionsGenericList1anonymousTypeCosmosHALBlockDeviceGPTGPartInfoAddCosmosHALBlockDeviceGPTGPartInfo', ID = '928'
Method 'SystemVoidSystemCollectionsGenericList1anonymousTypeCosmosHALBlockDeviceGPTGPartInfocctor', ID = '929'
Method 'SystemVoidCosmosDebugKernelPlugsAsmDebuggerAsmDoSendNumberSystemInt32', ID = '935'
Method 'SystemArgumentOutOfRangeExceptionSystemThrowHelperGetArgumentOutOfRangeExceptionSystemExceptionArgumentSystemExceptionResource', ID = '936'
Method 'SystemStringCosmosHALBlockDevicePartitionToString', ID = '939'
Method 'SystemVoidCosmosHALBlockDeviceBlockDeviceCheckDataSizeSystemBytearraySystemUInt64', ID = '940'
Method 'SystemVoidCosmosHALBlockDeviceAtaPioSelectSectorSystemUInt64SystemUInt64', ID = '941'
Method 'SystemVoidCosmosCoreIOPortBaseRead8SystemBytearray', ID = '942'
Method 'SystemVoidCosmosHALBlockDeviceBlockDeviceCheckBlockNoSystemUInt64SystemUInt64', ID = '943'
Method 'SystemVoidCosmosHALBlockDeviceMBRPartInfoctorSystemByteSystemUInt32SystemUInt32', ID = '945'
Method 'SystemVoidSystemCollectionsGenericList1anonymousTypeCosmosHALBlockDeviceMBRPartInfoAddCosmosHALBlockDeviceMBRPartInfo', ID = '946'
Method 'SystemVoidCosmosHALBlockDeviceEBRPartInfoctorSystemByteSystemUInt32SystemUInt32', ID = '948'
Method 'SystemVoidSystemCollectionsGenericList1anonymousTypeCosmosHALBlockDeviceEBRPartInfoAddCosmosHALBlockDeviceEBRPartInfo', ID = '949'
Method 'SystemVoidSystemCollectionsGenericList1anonymousTypeCosmosHALBlockDeviceEBRPartInfocctor', ID = '950'
Method 'SystemVoidSystemCollectionsGenericList1anonymousTypeCosmosHALBlockDeviceMBRPartInfocctor', ID = '956'
Method 'SystemVoidCosmosCoreIOPortset_WordSystemUInt16', ID = '963'
Method 'SystemVoidSystemCollectionsGenericList1anonymousTypeCosmosHALBlockDevicePortsStoragePortcctor', ID = '964'
Method 'SystemUInt32CosmosHALBlockDeviceRegistersPortRegistersget_SSTS', ID = '972'
Method 'SystemUInt32CosmosHALBlockDeviceRegistersPortRegistersget_SIG', ID = '973'
Method 'SystemStringSystemSRget_ArgumentOutOfRange_NeedNonNegNum', ID = '974'
Method 'SystemBooleanCosmosHALBlockDeviceAHCIStopCMDCosmosHALBlockDeviceRegistersPortRegisters', ID = '975'
Method 'SystemVoidCosmosHALBlockDevicePortsSATAPortResetCosmosHALBlockDeviceRegistersPortRegisters', ID = '976'
Method 'SystemVoidCosmosHALBlockDeviceRegistersPortRegistersset_CLBSystemUInt32', ID = '977'
Method 'SystemVoidCosmosHALBlockDeviceRegistersPortRegistersset_FBSystemUInt32', ID = '978'
Method 'SystemVoidCosmosHALBlockDeviceRegistersPortRegistersset_SERRSystemUInt32', ID = '979'
Method 'SystemVoidCosmosHALBlockDeviceRegistersPortRegistersset_ISSystemUInt32', ID = '980'
Method 'SystemVoidCosmosHALBlockDeviceRegistersPortRegistersset_IESystemUInt32', ID = '981'
Method 'SystemUInt32CosmosHALBlockDeviceRegistersPortRegistersget_CLB', ID = '982'
Method 'SystemVoidCosmosCoreMemoryBlockFillSystemByte', ID = '983'
Method 'SystemUInt32CosmosHALBlockDeviceRegistersPortRegistersget_FB', ID = '984'
Method 'CosmosHALBlockDeviceRegistersHBACommandHeaderarrayCosmosHALBlockDeviceAHCIGetCommandHeaderCosmosHALBlockDeviceRegistersPortRegisters', ID = '985'
Method 'SystemBooleanCosmosHALBlockDeviceAHCIStartCMDCosmosHALBlockDeviceRegistersPortRegisters', ID = '986'
Method 'SystemVoidCosmosHALBlockDevicePortsStoragePortctor', ID = '988'
Method 'SystemUInt32CosmosHALBlockDeviceRegistersPortRegistersget_CMD', ID = '989'
Method 'SystemVoidCosmosCoreMemoryGroupAHCIctorSystemUInt32', ID = '990'
Method 'SystemVoidCosmosHALBlockDevicePortsSATASendSATA28CommandCosmosHALBlockDeviceRegistersATACommandsSystemUInt32SystemUInt32', ID = '991'
Method 'SystemVoidCosmosCoreMemoryBlockRead16SystemUInt16array', ID = '993'
Method 'SystemStringCosmosHALBlockDevicePortsSATAGetStringSystemUInt16arraySystemInt32SystemInt32', ID = '994'
Method 'SystemVoidSystemCollectionsGenericList1anonymousTypeCosmosHALBlockDevicePortsStoragePortAddWithResizeCosmosHALBlockDevicePortsStoragePort', ID = '995'
Method 'SystemStringCosmosCore_PlugsSystemStringImplFormatHelperSystemIFormatProviderSystemStringSystemObjectarray', ID = '996'
Method 'SystemVoidSystemThrowHelperThrowInvalidOperationException_InvalidOperation_EnumFailedVersion', ID = '997'
Method 'SystemVoidCosmosSystemScanMapBasector', ID = '1001'
Method 'CosmosSystemKeyEventarraySystemArrayEmptyCosmosSystemKeyEvent', ID = '1003'
Method 'SystemVoidSystemCollectionsGenericList1anonymousTypeCosmosHALKeyboardBaseAddCosmosHALKeyboardBase', ID = '1005'
Method 'SystemCollectionsGenericIEnumerator1anonymousTypeCosmosHALKeyboardBaseSystemCollectionsGenericList1anonymousTypeCosmosHALKeyboardBaseSystemCollectionsGenericIEnumerableTGetEnumerator', ID = '1007'
Method 'SystemVoidCosmosSystemKeyboardManagerHandleScanCodeSystemByteSystemBoolean', ID = '1008'
Method 'SystemVoidCosmosCore_AsmDelegateImplCtorSystemObjectSystemIntPtr', ID = '800'
Method 'SystemVoidCosmosSystemFileSystemVFSVFSBasector', ID = '1011'
Method 'SystemVoidSystemCollectionsGenericList1anonymousTypeCosmosHALPITPITTimercctor', ID = '1012'
Method 'SystemVoidCosmosHALPITPITTimerDispose', ID = '1018'
Method 'SystemVoidSystemCollectionsGenericList1anonymousTypeSystemCharctorSystemInt32', ID = '1021'
Method 'CosmosSystemConsoleKeyExCosmosSystemKeyEventget_Key', ID = '1022'
Method 'SystemInt32CosmosSystemConsoleget_X', ID = '1023'
Method 'SystemVoidSystemCollectionsGenericList1anonymousTypeSystemCharRemoveAtSystemInt32', ID = '1024'
Method 'SystemVoidCosmosSystemConsoleset_XSystemInt32', ID = '1025'
Method 'SystemCharSystemCollectionsGenericList1anonymousTypeSystemCharget_ItemSystemInt32', ID = '1026'
Method 'SystemVoidCosmosSystem_PlugsSystemConsoleImplWriteSystemChar', ID = '1027'
Method 'SystemInt32SystemCollectionsGenericList1anonymousTypeSystemCharget_Count', ID = '1028'
Method 'SystemCharCosmosSystemKeyEventget_KeyChar', ID = '1029'
Method 'SystemVoidSystemCollectionsGenericList1anonymousTypeSystemCharAddSystemChar', ID = '1030'
Method 'SystemVoidSystemCollectionsGenericList1anonymousTypeSystemCharctor', ID = '1031'
Method 'CosmosSystemKeyEventCosmosSystemKeyboardManagerReadKey', ID = '1032'
Method 'SystemVoidCosmosSystem_PlugsSystemConsoleImplWriteLine', ID = '1033'
Method 'SystemChararraySystemCollectionsGenericList1anonymousTypeSystemCharToArray', ID = '1034'
Method 'SystemVoidCosmosCoreACPIShutdown', ID = '1036'
Method 'CosmosCoreCPUCosmosCoreGlobalget_CPU', ID = '1037'
Method 'SystemVoidCosmosCoreCPUReboot', ID = '1038'
Method 'SystemVoidSystemTextASCIIEncodingcctor', ID = '1039'
Method 'SystemVoidCosmosCore_PlugsSystemStringImplcctor', ID = '1041'
Method 'SystemVoidSystemCharcctor', ID = '1042'
Method 'SystemVoidSystemBufferMemmoveSystemBytepointerSystemBytepointerSystemUInt32', ID = '1046'
Method 'SystemVoidSystemTextUTF8EncodingUTF8EncodingSealedctorSystemBoolean', ID = '1047'
Method 'SystemInt32SystemTextEncodingGetByteCountSystemCharpointerSystemInt32SystemTextEncoderNLS', ID = '1050'
Method 'SystemInt32SystemTextASCIIEncodingGetByteCountSystemChararraySystemInt32SystemInt32', ID = '1051'
Method 'SystemStringSystemSRget_ArgumentNull_Array', ID = '1052'
Method 'SystemStringSystemSRget_ArgumentOutOfRange_IndexCount', ID = '1053'
Method 'SystemStringSystemSRget_ArgumentOutOfRange_Index', ID = '1054'
Method 'SystemInt32SystemTextEncodingGetBytesSystemCharpointerSystemInt32SystemBytepointerSystemInt32SystemTextEncoderNLS', ID = '1055'
Method 'SystemInt32SystemTextASCIIEncodingGetBytesSystemChararraySystemInt32SystemInt32SystemBytearraySystemInt32', ID = '1056'
Method 'SystemVoidCosmosHALTextScreenScrollUp', ID = '1057'
Method 'SystemVoidCosmosHALTextScreenset_ItemSystemInt32SystemInt32SystemByte', ID = '1058'
Method 'SystemStringCosmosCoreCosmosRuntimeTypeget_Name', ID = '1060'
Method 'SystemVoidSystemTypector', ID = '1061'
Method 'SystemStringCosmosCommonStringHelperGetNumberStringSystemUInt64', ID = '1065'
Method 'SystemStringSystemStringCreateFromCharSystemChar', ID = '1066'
Method 'SystemBooleanSystemSRUsingResourceKeys', ID = '1072'
Method 'SystemStringSystemStringJoinSystemStringSystemObjectarray', ID = '1073'
Method 'SystemStringCosmosCommonStringHelperGetNumberStringSystemInt64', ID = '1079'
Method 'SystemStringSystemSRget_Arg_NotImplementedException', ID = '1080'
Method 'SystemVoidCosmosCoreIOPortReadctorSystemUInt16', ID = '1085'
Method 'SystemVoidCosmosCoreIOPortWritectorSystemUInt16', ID = '1086'
Method 'SystemUInt16CosmosCoreIOGroupATAGetBAR0SystemBoolean', ID = '1087'
Method 'SystemUInt16CosmosCoreIOGroupATAGetBAR1SystemBoolean', ID = '1088'
Method 'SystemVoidCosmosCoreIOPortWritectorSystemUInt16SystemUInt16', ID = '1089'
Method 'SystemVoidCosmosCoreIOPortctorSystemUInt16SystemUInt16', ID = '1090'
Method 'SystemVoidCosmosCoreIOPortReadctorSystemUInt16SystemUInt16', ID = '1091'
Method 'SystemVoidCosmosCoreMemoryBlockFillSystemUInt16', ID = '1094'
Method 'SystemVoidCosmosHALTextScreenSetCursorPosSystemInt32SystemInt32', ID = '1095'
Method 'SystemVoidSystemCollectionsGenericList1anonymousTypeCosmosHALPCIDeviceEnsureCapacitySystemInt32', ID = '1096'
Method 'SystemStringSystemThrowHelperGetResourceStringSystemExceptionResource', ID = '1097'
Method 'SystemCharCosmosCommonExtensionsToHexStringDigitToHexCharSystemByte', ID = '1098'
Method 'SystemUInt64CosmosCore_PlugsSystemObjectImplMemberwiseClone', ID = '1100'
Method 'SystemByteCosmosHALPS2Mouseget_PS2Port', ID = '1103'
Method 'SystemVoidCosmosHALPS2ControllerPrepareSecondPortWrite', ID = '1104'
Method 'SystemByteCosmosHALPS2ControllerReadByteAfterAck', ID = '1105'
Method 'SystemBooleanCosmosHALPS2Mouseget_HasScrollWheel', ID = '1106'
Method 'SystemVoidCosmosCore_AsmDelegateImplInvoke', ID = '638'
Method 'SystemByteCosmosHALPS2Keyboardget_PS2Port', ID = '1109'
Method 'SystemVoidCosmosCore_AsmDelegateImplInvoke', ID = '638'
Method 'SystemVoidCosmosHALPS2KeyboardUpdateLeds', ID = '1111'
Method 'SystemVoidSystemCollectionsGenericList1EnumeratoranonymousTypeCosmosHALPCIDevicectorSystemCollectionsGenericList1anonymousTypeCosmosHALPCIDevice', ID = '1112'
Method 'SystemBooleanSystemCollectionsGenericList1EnumeratoranonymousTypeCosmosHALPCIDeviceMoveNextRare', ID = '1113'
Method 'SystemVoidSystemCollectionsGenericList1EnumeratoranonymousTypeCosmosHALPCIDeviceDispose', ID = '1114'
Method 'SystemVoidCosmosHALBlockDeviceAtaPioWait', ID = '1118'
Method 'SystemVoidCosmosHALBlockDeviceAtaPioDebugSystemString', ID = '1121'
Method 'SystemVoidCosmosHALBlockDeviceAtaPioDebugHexSystemStringSystemUInt32', ID = '1122'
Method 'SystemVoidSystemCollectionsGenericList1anonymousTypeCosmosHALBlockDeviceBlockDeviceset_CapacitySystemInt32', ID = '1126'
Method 'SystemVoidSystemThrowHelperThrowArgumentNullExceptionSystemExceptionArgument', ID = '1127'
Method 'SystemVoidSystemThrowHelperThrowArgumentExceptionSystemExceptionResourceSystemExceptionArgument', ID = '1128'
Method 'SystemInt64SystemRuntimeCompilerServicesUnsafeReadUnalignedSystemInt64SystemByte', ID = '1129'
Method 'SystemInt32SystemRuntimeCompilerServicesUnsafeReadUnalignedSystemInt32SystemByte', ID = '1130'
Method 'SystemStringSystemSRget_Arg_GuidArrayCtor', ID = '1131'
Method 'SystemVoidSystemGuidcctor', ID = '1132'
Method 'SystemStringSystemGuidToString', ID = '1133'
Method 'SystemBooleanSystemGuidop_EqualitySystemGuidSystemGuid', ID = '1136'
Method 'SystemVoidSystemCollectionsGenericList1anonymousTypeCosmosHALBlockDeviceGPTGPartInfoAddWithResizeCosmosHALBlockDeviceGPTGPartInfo', ID = '1137'
Method 'SystemStringSystemThrowHelperGetArgumentNameSystemExceptionArgument', ID = '1138'
Method 'SystemVoidCosmosCoreIOPortWriteset_WordSystemUInt16', ID = '1139'
Method 'SystemVoidSystemCollectionsGenericList1anonymousTypeCosmosHALBlockDeviceMBRPartInfoAddWithResizeCosmosHALBlockDeviceMBRPartInfo', ID = '1140'
Method 'SystemVoidSystemCollectionsGenericList1anonymousTypeCosmosHALBlockDeviceEBRPartInfoAddWithResizeCosmosHALBlockDeviceEBRPartInfo', ID = '1142'
Method 'SystemVoidCosmosCore_AsmArrayImplCopySystemArraySystemInt32SystemArraySystemInt32SystemInt32SystemBoolean', ID = '1144'
Method 'SystemVoidCosmosHALBlockDeviceRegistersPortRegistersset_CMDSystemUInt32', ID = '1145'
Method 'SystemVoidCosmosHALBlockDeviceAHCIWaitSystemInt32', ID = '1146'
Method 'SystemUInt32CosmosHALBlockDeviceRegistersPortRegistersget_CI', ID = '1147'
Method 'SystemUInt32CosmosHALBlockDeviceRegistersPortRegistersget_TFD', ID = '1148'
Method 'SystemVoidCosmosHALBlockDeviceAHCIHBAReset', ID = '1149'
Method 'SystemVoidCosmosHALBlockDeviceRegistersPortRegistersset_SCTLSystemUInt32', ID = '1150'
Method 'SystemUInt32CosmosHALBlockDeviceRegistersPortRegistersget_SCTL', ID = '1151'
Method 'SystemVoidCosmosCoreMemoryBlockFillSystemUInt32SystemUInt32SystemByte', ID = '1152'
Method 'SystemVoidCosmosHALBlockDeviceRegistersHBACommandHeaderctorSystemUInt32SystemUInt32', ID = '1155'
Method 'SystemVoidCosmosHALBlockDeviceRegistersHBACommandHeaderset_PRDTLSystemUInt16', ID = '1156'
Method 'SystemVoidCosmosHALBlockDeviceRegistersHBACommandHeaderset_CTBASystemUInt32', ID = '1157'
Method 'SystemVoidCosmosHALBlockDeviceRegistersHBACommandHeaderset_CTBAUSystemUInt32', ID = '1158'
Method 'SystemUInt32CosmosHALBlockDeviceRegistersHBACommandHeaderget_CTBA', ID = '1159'
Method 'SystemVoidCosmosHALBlockDevicePortsSATAcctor', ID = '1160'
Method 'SystemVoidCosmosHALBlockDevicePortsSATAReadBlockSystemUInt64SystemUInt64SystemBytearray', ID = '1161'
Method 'CosmosHALBlockDeviceRegistersPortTypeCosmosHALBlockDevicePortsSATAget_mPortType', ID = '1162'
Method 'SystemStringCosmosHALBlockDevicePortsSATAget_mPortName', ID = '1163'
Method 'SystemUInt32CosmosHALBlockDevicePortsSATAget_mPortNumber', ID = '1164'
Method 'SystemInt32CosmosHALBlockDevicePortsSATAFindCMDSlot', ID = '1166'
Method 'SystemVoidCosmosHALBlockDeviceRegistersHBACommandHeaderset_CFLSystemByte', ID = '1167'
Method 'SystemVoidCosmosHALBlockDeviceRegistersHBACommandHeaderset_WriteSystemByte', ID = '1168'
Method 'SystemUInt16CosmosHALBlockDeviceRegistersHBACommandHeaderget_PRDTL', ID = '1169'
Method 'SystemVoidCosmosHALBlockDeviceRegistersHBACommandTablectorSystemUInt32SystemUInt32', ID = '1170'
Method 'SystemVoidCosmosHALBlockDeviceRegistersHBAPRDTEntryset_DBASystemUInt32', ID = '1172'
Method 'SystemVoidCosmosHALBlockDeviceRegistersHBAPRDTEntryset_DBCSystemUInt32', ID = '1173'
Method 'SystemVoidCosmosHALBlockDeviceRegistersHBAPRDTEntryset_InterruptOnCompletionSystemByte', ID = '1174'
Method 'SystemUInt32CosmosHALBlockDeviceRegistersHBACommandTableget_CFIS', ID = '1175'
Method 'SystemVoidCosmosHALBlockDeviceRegistersFISRegisterH2DctorSystemUInt32', ID = '1176'
Method 'SystemVoidCosmosHALBlockDeviceRegistersFISRegisterH2Dset_FISTypeSystemByte', ID = '1177'
Method 'SystemVoidCosmosHALBlockDeviceRegistersFISRegisterH2Dset_IsCommandSystemByte', ID = '1178'
Method 'SystemVoidCosmosHALBlockDeviceRegistersFISRegisterH2Dset_CommandSystemByte', ID = '1179'
Method 'SystemVoidCosmosHALBlockDeviceRegistersFISRegisterH2Dset_DeviceSystemByte', ID = '1180'
Method 'SystemVoidCosmosHALBlockDeviceRegistersFISRegisterH2Dset_LBA0SystemByte', ID = '1181'
Method 'SystemVoidCosmosHALBlockDeviceRegistersFISRegisterH2Dset_LBA1SystemByte', ID = '1182'
Method 'SystemVoidCosmosHALBlockDeviceRegistersFISRegisterH2Dset_LBA2SystemByte', ID = '1183'
Method 'SystemVoidCosmosHALBlockDeviceRegistersFISRegisterH2Dset_CountLSystemByte', ID = '1184'
Method 'SystemVoidCosmosHALBlockDeviceRegistersPortRegistersset_CISystemUInt32', ID = '1186'
Method 'SystemUInt32CosmosHALBlockDeviceRegistersPortRegistersget_IS', ID = '1187'
Method 'SystemVoidSystemCollectionsGenericList1anonymousTypeCosmosHALBlockDevicePortsStoragePortEnsureCapacitySystemInt32', ID = '1188'
Method 'SystemVoidSystemFormatExceptionctorSystemString', ID = '1190'
Method 'SystemInt32CosmosCommonStringHelperGetStringToNumberSystemString', ID = '1191'
Method 'SystemBooleanSystemCharIsDigitSystemChar', ID = '1192'
Method 'SystemVoidSystemCollectionsGenericList1anonymousTypeCosmosHALKeyboardBasecctor', ID = '1193'
Method 'SystemVoidSystemCollectionsGenericList1anonymousTypeCosmosHALKeyboardBaseAddWithResizeCosmosHALKeyboardBase', ID = '1205'
Method 'SystemVoidSystemCollectionsGenericList1EnumeratoranonymousTypeCosmosHALKeyboardBasectorSystemCollectionsGenericList1anonymousTypeCosmosHALKeyboardBase', ID = '1206'
Method 'SystemBooleanCosmosSystemScanMapBaseScanCodeMatchesKeySystemByteCosmosSystemConsoleKeyEx', ID = '1208'
Method 'SystemBooleanCosmosSystemKeyboardManagerget_CapsLock', ID = '1209'
Method 'SystemVoidCosmosSystemKeyboardManagerUpdateLeds', ID = '1210'
Method 'SystemBooleanCosmosSystemKeyboardManagerget_NumLock', ID = '1211'
Method 'SystemBooleanCosmosSystemKeyboardManagerget_ScrollLock', ID = '1212'
Method 'SystemVoidCosmosSystemKeyboardManagerset_ControlPressedSystemBoolean', ID = '1213'
Method 'SystemVoidCosmosSystemKeyboardManagerset_ShiftPressedSystemBoolean', ID = '1214'
Method 'SystemVoidCosmosSystemKeyboardManagerset_AltPressedSystemBoolean', ID = '1215'
Method 'SystemBooleanCosmosSystemKeyboardManagerget_ControlPressed', ID = '1216'
Method 'SystemBooleanCosmosSystemKeyboardManagerget_AltPressed', ID = '1217'
Method 'SystemBooleanCosmosSystemKeyboardManagerGetKeySystemByteCosmosSystemKeyEvent', ID = '1218'
Method 'SystemVoidCosmosSystemKeyboardManagerEnqueueCosmosSystemKeyEvent', ID = '1219'
Method 'SystemVoidCosmosSystemFileSystemCosmosVFSInitialize', ID = '1221'
Method 'SystemVoidCosmosHALPITUnregisterTimerSystemInt32', ID = '1222'
Method 'SystemBooleanCosmosCore_PlugsSystemRuntimeCompilerServicesRuntimeHelpersImplIsReferenceOrContainsReferencesanonymousType', ID = '1224'
Method 'SystemVoidSystemCollectionsGenericList1anonymousTypeSystemCharAddWithResizeSystemChar', ID = '1230'
Method 'SystemVoidCosmosHALKeyboardBaseWaitForKey', ID = '1231'
Method 'SystemInt32SystemCollectionsGenericQueue1anonymousTypeCosmosSystemKeyEventget_Count', ID = '1232'
Method 'CosmosSystemKeyEventSystemCollectionsGenericQueue1anonymousTypeCosmosSystemKeyEventDequeue', ID = '1233'
Method 'SystemVoidSystemTextASCIIEncodingASCIIEncodingSealedctor', ID = '1235'
Method 'SystemVoidCosmosCore_AsmRuntimeHelpersImplInitializeArraySystemArraySystemRuntimeFieldHandle', ID = '1239'
Method 'SystemVoidSystemBuffer_MemmoveSystemBytepointerSystemBytepointerSystemUInt32', ID = '1243'
Method 'SystemVoidSystemTextUTF8EncodingctorSystemBoolean', ID = '1245'
Method 'SystemInt32CosmosSystem_PlugsSystemRuntimeRuntimeHelpersImplget_OffsetToStringData', ID = '1246'
Method 'SystemInt32SystemTextASCIIEncodingGetByteCountSystemCharpointerSystemInt32SystemTextEncoderNLS', ID = '1248'
Method 'SystemInt32SystemTextUTF8EncodingGetByteCountSystemCharpointerSystemInt32SystemTextEncoderNLS', ID = '1249'
Method 'SystemInt32SystemTextEncodingGetByteCountSystemCharpointerSystemInt32', ID = '1250'
Method 'SystemStringSystemSRget_ArgumentOutOfRange_IndexCountBuffer', ID = '1251'
Method 'SystemInt32SystemTextASCIIEncodingGetBytesSystemCharpointerSystemInt32SystemBytepointerSystemInt32SystemTextEncoderNLS', ID = '1252'
Method 'SystemInt32SystemTextUTF8EncodingGetBytesSystemCharpointerSystemInt32SystemBytepointerSystemInt32SystemTextEncoderNLS', ID = '1253'
Method 'SystemInt32SystemTextEncodingGetBytesSystemCharpointerSystemInt32SystemBytepointerSystemInt32', ID = '1254'
Method 'SystemVoidCosmosCoreMemoryBlockMoveDownSystemUInt32SystemUInt32SystemUInt32', ID = '1255'
Method 'SystemVoidCosmosCoreMemoryBlockFillSystemUInt32SystemUInt32SystemUInt16', ID = '1256'
Method 'SystemVoidCosmosCoreMemoryBlock08set_ItemSystemUInt32SystemByte', ID = '1257'
Method 'SystemVoidCosmosCore_PlugsSystemTypeImplcctor', ID = '1258'
Method 'SystemVoidSystemReflectionMemberInfoctor', ID = '1259'
Method 'SystemStringSystemStringJoinCoreSystemCharpointerSystemInt32SystemObjectarray', ID = '1260'
Method 'SystemGlobalizationCultureInfoCosmosCore_PlugsSystemGlobalizationCultureInfoImplget_CurrentCulture', ID = '1262'
Method 'SystemStringCosmosCore_PlugsSystemStringImplToLowerSystemGlobalizationCultureInfo', ID = '1263'
Method 'SystemInt32CosmosCore_PlugsSystemStringImplCompareToSystemString', ID = '1264'
Method 'SystemVoidCosmosCoreIOPortBasectorSystemUInt16SystemUInt16', ID = '1265'
Method 'SystemVoidSystemCollectionsGenericList1anonymousTypeCosmosHALPCIDeviceset_CapacitySystemInt32', ID = '1266'
Method 'SystemStringSystemSRGetResourceStringSystemString', ID = '1267'
Method 'SystemUInt16CosmosCore_AsmIOPortImplRead16SystemUInt16', ID = '1274'
Method 'SystemArgumentNullExceptionSystemThrowHelperGetArgumentNullExceptionSystemExceptionArgument', ID = '1275'
Method 'SystemArgumentExceptionSystemThrowHelperGetArgumentExceptionSystemExceptionResourceSystemExceptionArgument', ID = '1276'
Method 'SystemStringSystemGuidToStringSystemStringSystemIFormatProvider', ID = '1278'
Method 'SystemVoidSystemCollectionsGenericList1anonymousTypeCosmosHALBlockDeviceGPTGPartInfoEnsureCapacitySystemInt32', ID = '1279'
Method 'SystemVoidSystemCollectionsGenericList1anonymousTypeCosmosHALBlockDeviceMBRPartInfoEnsureCapacitySystemInt32', ID = '1280'
Method 'SystemVoidSystemCollectionsGenericList1anonymousTypeCosmosHALBlockDeviceEBRPartInfoEnsureCapacitySystemInt32', ID = '1281'
Method 'SystemVoidCosmosCore_AsmIOPortImplWrite16SystemUInt16SystemUInt16', ID = '1282'
Method 'SystemVoidCosmosCoreMemoryOperationsFillSystemBytepointerSystemByteSystemInt32', ID = '1284'
Method 'SystemVoidCosmosCoreMemoryBlock16set_ItemSystemUInt32SystemUInt16', ID = '1290'
Method 'SystemVoidCosmosHALBlockDevicePortsSATASendSATA48CommandCosmosHALBlockDeviceRegistersATACommandsSystemUInt64SystemUInt32', ID = '1291'
Method 'SystemVoidCosmosCoreMemoryBlockRead8SystemBytearray', ID = '1292'
Method 'SystemUInt32CosmosHALBlockDeviceRegistersPortRegistersget_SACT', ID = '1293'
Method 'SystemByteCosmosCoreMemoryBlock08get_ItemSystemUInt32', ID = '1294'
Method 'SystemUInt16CosmosCoreMemoryBlock16get_ItemSystemUInt32', ID = '1295'
Method 'SystemVoidCosmosHALBlockDeviceRegistersHBAPRDTEntryctorSystemUInt32SystemUInt32', ID = '1297'
Method 'SystemBooleanSystemStringIsNullOrWhiteSpaceSystemString', ID = '1300'
Method 'SystemBooleanSystemCharIsLatin1SystemChar', ID = '1301'
Method 'SystemGlobalizationUnicodeCategorySystemGlobalizationCharUnicodeInfoGetUnicodeCategorySystemChar', ID = '1302'
Method 'SystemVoidCosmosSystemScanMapsUS_StandardInitKeys', ID = '1303'
Method 'SystemVoidSystemArrayEmptyArray1anonymousTypeCosmosSystemKeyEventcctor', ID = '1307'
Method 'SystemVoidSystemCollectionsGenericList1anonymousTypeCosmosHALKeyboardBaseEnsureCapacitySystemInt32', ID = '1308'
Method 'SystemVoidSystemCollectionsGenericList1EnumeratoranonymousTypeCosmosHALKeyboardBaseDispose', ID = '1309'
Method 'CosmosHALKeyboardBaseSystemCollectionsGenericList1EnumeratoranonymousTypeCosmosHALKeyboardBaseget_Current', ID = '1310'
Method 'SystemBooleanSystemCollectionsGenericList1EnumeratoranonymousTypeCosmosHALKeyboardBaseMoveNext', ID = '1311'
Method 'CosmosSystemKeyMappingSystemCollectionsGenericList1anonymousTypeCosmosSystemKeyMappingget_ItemSystemInt32', ID = '1312'
Method 'SystemInt32SystemCollectionsGenericList1anonymousTypeCosmosSystemKeyMappingget_Count', ID = '1314'
Method 'SystemCollectionsGenericList1EnumeratoranonymousTypeCosmosHALKeyboardBaseSystemCollectionsGenericList1anonymousTypeCosmosHALKeyboardBaseGetEnumerator', ID = '1315'
Method 'SystemBooleanCosmosSystemKeyboardManagerget_ShiftPressed', ID = '1320'
Method 'CosmosSystemKeyEventCosmosSystemScanMapBaseConvertScanCodeSystemByteSystemBooleanSystemBooleanSystemBooleanSystemBooleanSystemBooleanSystemBoolean', ID = '1321'
Method 'SystemVoidSystemCollectionsGenericQueue1anonymousTypeCosmosSystemKeyEventEnqueueCosmosSystemKeyEvent', ID = '1322'
Method 'SystemVoidSystemCollectionsGenericList1anonymousTypeCosmosHALBlockDevicePartitionctor', ID = '1323'
Method 'SystemVoidSystemCollectionsGenericList1anonymousTypeCosmosSystemFileSystemFileSystemctor', ID = '1324'
Method 'SystemVoidSystemCollectionsGenericList1anonymousTypeCosmosSystemFileSystemFileSystemFactoryctor', ID = '1325'
Method 'SystemVoidCosmosSystemFileSystemFatFileSystemFactoryctor', ID = '1326'
Method 'SystemVoidCosmosSystemFileSystemCosmosVFSInitializePartitions', ID = '1328'
Method 'SystemInt32SystemCollectionsGenericList1anonymousTypeCosmosHALBlockDevicePartitionget_Count', ID = '1329'
Method 'SystemVoidCosmosSystemFileSystemCosmosVFSInitializeFileSystems', ID = '1330'
Method 'SystemVoidSystemCollectionsGenericList1anonymousTypeSystemCharcctor', ID = '1332'
Method 'SystemVoidSystemCollectionsGenericList1anonymousTypeSystemCharEnsureCapacitySystemInt32', ID = '1333'
Method 'SystemVoidSystemCollectionsGenericQueue1anonymousTypeCosmosSystemKeyEventThrowForEmptyQueue', ID = '1334'
Method 'SystemVoidSystemCollectionsGenericQueue1anonymousTypeCosmosSystemKeyEventMoveNextSystemInt32', ID = '1336'
Method 'SystemVoidCosmosCore_AsmCPUImplHalt', ID = '1337'
Method 'SystemVoidSystemTextASCIIEncodingctor', ID = '1339'
Method 'SystemInt32SystemTextUTF8EncodingGetByteCountSystemString', ID = '1344'
Method 'SystemInt32SystemTextUTF8EncodingGetBytesSystemStringSystemInt32SystemInt32SystemBytearraySystemInt32', ID = '1345'
Method 'SystemInt32SystemTextUTF8EncodingGetByteCountSystemChararraySystemInt32SystemInt32', ID = '1346'
Method 'SystemInt32SystemTextUTF8EncodingGetBytesSystemChararraySystemInt32SystemInt32SystemBytearraySystemInt32', ID = '1347'
Method 'SystemVoidSystemTextUTF8EncodingctorSystemBooleanSystemBoolean', ID = '1348'
Method 'SystemTextEncoderFallbackSystemTextEncoderget_Fallback', ID = '1351'
Method 'SystemBooleanSystemTextEncoderget_InternalHasFallbackBuffer', ID = '1353'
Method 'SystemTextEncoderFallbackBufferSystemTextEncoderget_FallbackBuffer', ID = '1354'
Method 'SystemStringSystemSRget_Argument_EncoderFallbackNotEmpty', ID = '1356'
Method 'SystemStringSystemTextEncodingget_EncodingName', ID = '1357'
Method 'SystemStringSystemSRFormatSystemStringSystemObjectSystemObject', ID = '1358'
Method 'SystemVoidSystemArgumentExceptionctorSystemString', ID = '1359'
Method 'SystemVoidSystemTextEncoderFallbackBufferInternalInitializeSystemCharpointerSystemCharpointerSystemTextEncoderNLSSystemBoolean', ID = '1360'
Method 'SystemTextEncoderFallbackSystemTextEncodingget_EncoderFallback', ID = '1361'
Method 'SystemBooleanSystemTextEncoderFallbackBufferInternalFallbackSystemCharSystemCharpointer', ID = '1363'
Method 'SystemCharSystemTextEncoderFallbackBufferInternalGetNextChar', ID = '1365'
Method 'SystemBooleanSystemTextUTF8EncodingInRangeSystemInt32SystemInt32SystemInt32', ID = '1368'
Method 'SystemBooleanSystemTextEncoderNLSget_MustFlush', ID = '1369'
Method 'SystemInt32SystemTextUTF8EncodingPtrDiffSystemCharpointerSystemCharpointer', ID = '1370'
Method 'SystemInt32SystemTextASCIIEncodingGetByteCountSystemCharpointerSystemInt32', ID = '1371'
Method 'SystemInt32SystemTextUTF8EncodingGetByteCountSystemCharpointerSystemInt32', ID = '1372'
Method 'SystemStringSystemTextEncoderReplacementFallbackget_DefaultString', ID = '1373'
Method 'SystemVoidSystemTextEncodingThrowBytesOverflowSystemTextEncoderNLSSystemBoolean', ID = '1374'
Method 'SystemInt32SystemTextUTF8EncodingPtrDiffSystemBytepointerSystemBytepointer', ID = '1376'
Method 'SystemInt32SystemTextASCIIEncodingGetBytesSystemCharpointerSystemInt32SystemBytepointerSystemInt32', ID = '1377'
Method 'SystemInt32SystemTextUTF8EncodingGetBytesSystemCharpointerSystemInt32SystemBytepointerSystemInt32', ID = '1378'
Method 'SystemVoidCosmosCoreMemoryOperationsFillSystemUInt16pointerSystemUInt16SystemInt32', ID = '1380'
Method 'SystemTextStringBuilderSystemTextStringBuilderCacheAcquireSystemInt32', ID = '1382'
Method 'SystemTextStringBuilderSystemTextStringBuilderAppendSystemString', ID = '1383'
Method 'SystemTextStringBuilderSystemTextStringBuilderAppendSystemCharpointerSystemInt32', ID = '1384'
Method 'SystemStringSystemTextStringBuilderCacheGetStringAndReleaseSystemTextStringBuilder', ID = '1385'
Method 'SystemStringSystemGlobalizationCultureInfoToString', ID = '1387'
Method 'SystemStringCosmosCore_PlugsSystemStringImplChangeCasingSystemStringSystemInt32SystemInt32SystemInt32', ID = '1389'
Method 'SystemStringSystemSRget_Format_InvalidGuidFormatSpecification', ID = '1390'
Method 'SystemInt32SystemGuidHexsToCharsSystemCharpointerSystemInt32SystemInt32', ID = '1391'
Method 'SystemInt32SystemGuidHexsToCharsHexOutputSystemCharpointerSystemInt32SystemInt32', ID = '1392'
Method 'SystemVoidSystemCollectionsGenericList1anonymousTypeCosmosHALBlockDeviceGPTGPartInfoset_CapacitySystemInt32', ID = '1393'
Method 'SystemVoidSystemCollectionsGenericList1anonymousTypeCosmosHALBlockDeviceMBRPartInfoset_CapacitySystemInt32', ID = '1394'
Method 'SystemVoidSystemCollectionsGenericList1anonymousTypeCosmosHALBlockDeviceEBRPartInfoset_CapacitySystemInt32', ID = '1395'
Method 'SystemVoidCosmosHALBlockDeviceRegistersFISRegisterH2Dset_LBA3SystemByte', ID = '1398'
Method 'SystemVoidCosmosHALBlockDeviceRegistersFISRegisterH2Dset_LBA4SystemByte', ID = '1399'
Method 'SystemVoidCosmosHALBlockDeviceRegistersFISRegisterH2Dset_LBA5SystemByte', ID = '1400'
Method 'SystemVoidCosmosHALBlockDeviceRegistersFISRegisterH2Dset_CountHSystemByte', ID = '1401'
Method 'SystemBooleanSystemCharIsWhiteSpaceSystemChar', ID = '1402'
Method 'SystemVoidSystemCollectionsGenericList1anonymousTypeCosmosSystemKeyMappingctorSystemInt32', ID = '1406'
Method 'SystemVoidCosmosSystemKeyMappingctorSystemByteCosmosSystemConsoleKeyEx', ID = '1407'
Method 'SystemVoidSystemCollectionsGenericList1anonymousTypeCosmosSystemKeyMappingAddCosmosSystemKeyMapping', ID = '1408'
Method 'SystemVoidCosmosSystemKeyMappingctorSystemByteSystemCharSystemCharSystemCharSystemCharSystemCharSystemCharCosmosSystemConsoleKeyEx', ID = '1409'
Method 'SystemVoidCosmosSystemKeyMappingctorSystemByteSystemCharCosmosSystemConsoleKeyEx', ID = '1410'
Method 'SystemVoidCosmosSystemKeyMappingctorSystemByteSystemCharSystemCharSystemCharSystemCharSystemCharSystemCharCosmosSystemConsoleKeyExCosmosSystemConsoleKeyEx', ID = '1411'
Method 'SystemVoidSystemCollectionsGenericList1anonymousTypeCosmosHALKeyboardBaseset_CapacitySystemInt32', ID = '1412'
Method 'SystemBooleanSystemCollectionsGenericList1EnumeratoranonymousTypeCosmosHALKeyboardBaseMoveNextRare', ID = '1413'
Method 'SystemVoidCosmosSystemKeyEventctor', ID = '1415'
Method 'SystemConsoleModifiersCosmosSystemKeyEventget_Modifiers', ID = '1416'
Method 'SystemVoidCosmosSystemKeyEventset_ModifiersSystemConsoleModifiers', ID = '1417'
Method 'SystemVoidCosmosSystemKeyEventset_TypeCosmosSystemKeyEventKeyEventType', ID = '1418'
Method 'SystemVoidCosmosSystemKeyEventset_KeyCharSystemChar', ID = '1419'
Method 'SystemVoidCosmosSystemKeyEventset_KeyCosmosSystemConsoleKeyEx', ID = '1420'
Method 'SystemVoidSystemCollectionsGenericQueue1anonymousTypeCosmosSystemKeyEventSetCapacitySystemInt32', ID = '1421'
Method 'SystemVoidCosmosSystemFileSystemFileSystemFactoryctor', ID = '1429'
Method 'SystemVoidCosmosSystemFileSystemCosmosVFSRegisterFileSystemCosmosSystemFileSystemFileSystemFactory', ID = '1431'
Method 'CosmosHALBlockDeviceBlockDeviceSystemCollectionsGenericList1anonymousTypeCosmosHALBlockDeviceBlockDeviceget_ItemSystemInt32', ID = '1432'
Method 'SystemVoidSystemCollectionsGenericList1anonymousTypeCosmosHALBlockDevicePartitionAddCosmosHALBlockDevicePartition', ID = '1433'
Method 'SystemInt32SystemCollectionsGenericList1anonymousTypeCosmosHALBlockDeviceBlockDeviceget_Count', ID = '1434'
Method 'CosmosHALBlockDevicePartitionSystemCollectionsGenericList1anonymousTypeCosmosHALBlockDevicePartitionget_ItemSystemInt32', ID = '1435'
Method 'SystemUInt64CosmosHALBlockDeviceBlockDeviceget_BlockCount', ID = '1436'
Method 'SystemCharCosmosSystemFileSystemVFSVFSBaseget_VolumeSeparatorChar', ID = '1437'
Method 'SystemCharCosmosSystemFileSystemVFSVFSBaseget_DirectorySeparatorChar', ID = '1438'
Method 'SystemStringSystemStringConcatSystemObjectSystemObjectSystemObject', ID = '1439'
Method 'SystemCollectionsGenericList1EnumeratoranonymousTypeCosmosSystemFileSystemFileSystemFactorySystemCollectionsGenericList1anonymousTypeCosmosSystemFileSystemFileSystemFactoryGetEnumerator', ID = '1440'
Method 'CosmosSystemFileSystemFileSystemFactorySystemCollectionsGenericList1EnumeratoranonymousTypeCosmosSystemFileSystemFileSystemFactoryget_Current', ID = '1441'
Method 'SystemVoidSystemCollectionsGenericList1anonymousTypeCosmosSystemFileSystemFileSystemAddCosmosSystemFileSystemFileSystem', ID = '1444'
Method 'SystemBooleanSystemCollectionsGenericList1EnumeratoranonymousTypeCosmosSystemFileSystemFileSystemFactoryMoveNext', ID = '1445'
Method 'SystemInt32SystemCollectionsGenericList1anonymousTypeCosmosSystemFileSystemFileSystemget_Count', ID = '1447'
Method 'CosmosSystemFileSystemFileSystemSystemCollectionsGenericList1anonymousTypeCosmosSystemFileSystemFileSystemget_ItemSystemInt32', ID = '1448'
Method 'SystemStringCosmosSystemFileSystemFileSystemget_RootPath', ID = '1449'
Method 'SystemStringSystemStringConcatSystemObjectSystemObject', ID = '1452'
Method 'SystemVoidSystemCollectionsGenericList1anonymousTypeSystemCharset_CapacitySystemInt32', ID = '1453'
Method 'SystemStringSystemSRget_InvalidOperation_EmptyQueue', ID = '1454'
Method 'SystemVoidSystemTextEncodingctorSystemInt32', ID = '1455'
Method 'SystemVoidCosmosCore_PlugsSystemBufferImpl__MemmoveSystemBytepointerSystemBytepointerSystemUInt32', ID = '1457'
Method 'SystemVoidSystemTextUTF8Encodingcctor', ID = '1458'
Method 'SystemVoidSystemTextEncodingSetDefaultFallbacks', ID = '1459'
Method 'SystemTextEncoderFallbackSystemTextEncoderFallbackget_ReplacementFallback', ID = '1461'
Method 'SystemInt32SystemTextEncoderReplacementFallbackget_MaxCharCount', ID = '1462'
Method 'SystemBooleanSystemCharIsHighSurrogateSystemChar', ID = '1464'
Method 'SystemBooleanSystemCharIsLowSurrogateSystemChar', ID = '1465'
Method 'SystemInt32SystemCharConvertToUtf32SystemCharSystemChar', ID = '1466'
Method 'SystemVoidSystemTextEncoderFallbackBufferThrowLastCharRecursiveSystemInt32', ID = '1467'
Method 'SystemTextEncoderFallbackBufferSystemTextEncoderReplacementFallbackCreateFallbackBuffer', ID = '1470'
Method 'SystemTextEncoderFallbackBufferCosmosCore_PlugsSystemTextEncoderFallbackImplCreateFallbackBuffer', ID = '1471'
Method 'SystemVoidSystemTextEncoderFallbackBufferInternalReset', ID = '1473'
Method 'SystemVoidSystemTextEncodingThrowBytesOverflow', ID = '1474'
Method 'SystemVoidSystemTextEncoderNLSClearMustFlush', ID = '1475'
Method 'SystemVoidCosmosCore_PlugsMemoryOperationsMemoryOperationsImplCopySystemBytepointerSystemBytepointerSystemInt32', ID = '1476'
Method 'SystemInt32SystemTextStringBuilderget_Capacity', ID = '1481'
Method 'SystemTextStringBuilderSystemTextStringBuilderClear', ID = '1482'
Method 'SystemVoidSystemTextStringBuilderctorSystemInt32', ID = '1483'
Method 'SystemVoidSystemTextStringBuilderAppendHelperSystemString', ID = '1484'
Method 'SystemStringSystemSRget_ArgumentOutOfRange_NegativeCount', ID = '1485'
Method 'SystemInt32SystemTextStringBuilderget_Length', ID = '1486'
Method 'SystemStringSystemSRget_ArgumentOutOfRange_LengthGreaterThanCapacity', ID = '1487'
Method 'SystemVoidSystemTextStringBuilderThreadSafeCopySystemCharpointerSystemChararraySystemInt32SystemInt32', ID = '1488'
Method 'SystemVoidSystemTextStringBuilderExpandByABlockSystemInt32', ID = '1489'
Method 'SystemVoidSystemTextStringBuilderCacheReleaseSystemTextStringBuilder', ID = '1490'
Method 'SystemVoidCosmosCore_PlugsSystemGlobalizationCultureInfoImplCCtor', ID = '1491'
Method 'SystemCharSystemGuidHexToCharSystemInt32', ID = '1492'
Method 'SystemVoidCosmosCore_PlugsMemoryOperationsMemoryOperationsImplFillSystemBytepointerSystemInt32SystemInt32', ID = '1493'
Method 'SystemBooleanSystemCharIsWhiteSpaceLatin1SystemChar', ID = '1494'
Method 'SystemBooleanSystemGlobalizationCharUnicodeInfoIsWhiteSpaceSystemChar', ID = '1495'
Method 'SystemByteCosmosCore_PlugsSystemGlobalizationCharUnicodeInfoImplInternalGetUnicodeCategorySystemInt32', ID = '1497'
Method 'SystemVoidSystemCollectionsGenericList1anonymousTypeCosmosSystemKeyMappingAddWithResizeCosmosSystemKeyMapping', ID = '1499'
Method 'SystemVoidCosmosSystemKeyMappingctorSystemByteSystemCharSystemCharSystemCharSystemCharSystemCharSystemCharSystemCharSystemCharSystemCharSystemCharCosmosSystemConsoleKeyEx', ID = '1500'
Method 'SystemVoidCosmosSystemKeyMappingctorSystemByteSystemCharSystemCharSystemCharSystemCharSystemCharSystemCharSystemCharCosmosSystemConsoleKeyExCosmosSystemConsoleKeyEx', ID = '1501'
Method 'SystemVoidSystemCollectionsGenericList1anonymousTypeCosmosSystemKeyMappingcctor', ID = '1502'
Method 'SystemVoidSystemCollectionsGenericList1anonymousTypeCosmosHALBlockDevicePartitioncctor', ID = '1510'
Method 'SystemVoidSystemCollectionsGenericList1anonymousTypeCosmosSystemFileSystemFileSystemcctor', ID = '1516'
Method 'SystemVoidSystemCollectionsGenericList1anonymousTypeCosmosSystemFileSystemFileSystemFactorycctor', ID = '1522'
Method 'SystemVoidSystemCollectionsGenericList1anonymousTypeCosmosSystemFileSystemFileSystemFactoryAddCosmosSystemFileSystemFileSystemFactory', ID = '1528'
Method 'SystemVoidSystemCollectionsGenericList1anonymousTypeCosmosHALBlockDevicePartitionAddWithResizeCosmosHALBlockDevicePartition', ID = '1529'
Method 'SystemVoidSystemCollectionsGenericList1EnumeratoranonymousTypeCosmosSystemFileSystemFileSystemFactoryctorSystemCollectionsGenericList1anonymousTypeCosmosSystemFileSystemFileSystemFactory', ID = '1530'
Method 'SystemBooleanCosmosSystemFileSystemFatFileSystemFactoryIsTypeCosmosHALBlockDevicePartition', ID = '1531'
Method 'CosmosSystemFileSystemFileSystemCosmosSystemFileSystemFatFileSystemFactoryCreateCosmosHALBlockDevicePartitionSystemStringSystemInt64', ID = '1533'
Method 'SystemVoidSystemCollectionsGenericList1anonymousTypeCosmosSystemFileSystemFileSystemAddWithResizeCosmosSystemFileSystemFileSystem', ID = '1534'
Method 'SystemBooleanSystemCollectionsGenericList1EnumeratoranonymousTypeCosmosSystemFileSystemFileSystemFactoryMoveNextRare', ID = '1535'
Method 'SystemVoidSystemCollectionsGenericList1EnumeratoranonymousTypeCosmosSystemFileSystemFileSystemFactoryDispose', ID = '1536'
Method 'SystemVoidCosmosSystem_PlugsSystemIODirectoryImplSetCurrentDirectorySystemString', ID = '1539'
Method 'SystemVoidSystemTextASCIIEncodingSetDefaultFallbacks', ID = '1542'
Method 'SystemVoidSystemTextUTF8EncodingSetDefaultFallbacks', ID = '1543'
Method 'SystemVoidSystemTextInternalEncoderBestFitFallbackctorSystemTextEncoding', ID = '1544'
Method 'SystemVoidSystemTextInternalDecoderBestFitFallbackctorSystemTextEncoding', ID = '1545'
Method 'SystemVoidSystemThreadingMonitorEnterSystemObjectSystemBoolean', ID = '1548'
Method 'SystemVoidSystemTextEncoderReplacementFallbackctor', ID = '1549'
Method 'SystemStringSystemSRget_ArgumentOutOfRange_InvalidHighSurrogate', ID = '1551'
Method 'SystemStringSystemSRget_ArgumentOutOfRange_InvalidLowSurrogate', ID = '1552'
Method 'SystemStringSystemSRget_Argument_RecursiveFallback', ID = '1553'
Method 'SystemVoidSystemTextEncoderReplacementFallbackBufferctorSystemTextEncoderReplacementFallback', ID = '1554'
Method 'SystemVoidSystemTextEncoderFallbackBufferReset', ID = '1556'
Method 'SystemStringSystemSRget_Argument_EncodingConversionOverflowBytes', ID = '1557'
Method 'SystemVoidCosmosCore_PlugsMemoryOperationsMemoryOperationsImplCopyTinySystemBytepointerSystemBytepointerSystemInt32', ID = '1559'
Method 'SystemInt32SystemMathDivRemSystemInt32SystemInt32SystemInt32', ID = '1560'
Method 'SystemVoidCosmosCore_PlugsMemoryOperationsMemoryOperationsImplCopy128BlocksSystemBytepointerSystemBytepointerSystemInt32', ID = '1561'
Method 'SystemStringSystemTextStringBuilderToString', ID = '1562'
Method 'SystemVoidSystemTextStringBuilderset_LengthSystemInt32', ID = '1563'
Method 'SystemVoidSystemTextStringBuilderctorSystemInt32SystemInt32', ID = '1564'
Method 'SystemStringSystemSRget_ArgumentOutOfRange_SmallCapacity', ID = '1565'
Method 'SystemInt32SystemMathMinSystemInt32SystemInt32', ID = '1566'
Method 'SystemInt32SystemMathMaxSystemInt32SystemInt32', ID = '1567'
Method 'SystemVoidSystemTextStringBuilderctorSystemTextStringBuilder', ID = '1568'
Method 'SystemVoidCosmosCore_PlugsMemoryOperationsMemoryOperationsImplFill16BlocksSystemBytepointerSystemInt32SystemInt32', ID = '1569'
Method 'SystemVoidCosmosCore_PlugsSystemCharUnicodeInfoImplCctor', ID = '1570'
Method 'SystemVoidSystemCollectionsGenericList1anonymousTypeCosmosSystemKeyMappingEnsureCapacitySystemInt32', ID = '1572'
Method 'SystemVoidCosmosSystemKeyMappingctorSystemByteSystemCharSystemCharSystemCharSystemCharSystemCharSystemCharSystemCharSystemCharSystemCharSystemCharCosmosSystemConsoleKeyExCosmosSystemConsoleKeyEx', ID = '1573'
Method 'SystemVoidSystemCollectionsGenericList1anonymousTypeCosmosSystemFileSystemFileSystemFactoryAddWithResizeCosmosSystemFileSystemFileSystemFactory', ID = '1574'
Method 'SystemVoidSystemCollectionsGenericList1anonymousTypeCosmosHALBlockDevicePartitionEnsureCapacitySystemInt32', ID = '1575'
Method 'SystemBytearrayCosmosHALBlockDeviceBlockDeviceNewBlockArraySystemUInt32', ID = '1576'
Method 'SystemUInt16SystemBitConverterToUInt16SystemBytearraySystemInt32', ID = '1577'
Method 'SystemVoidCosmosSystemFileSystemFATFatFileSystemctorCosmosHALBlockDevicePartitionSystemStringSystemInt64', ID = '1578'
Method 'SystemVoidSystemCollectionsGenericList1anonymousTypeCosmosSystemFileSystemFileSystemEnsureCapacitySystemInt32', ID = '1579'
Method 'SystemTextDecoderFallbackSystemTextDecoderFallbackget_ReplacementFallback', ID = '1582'
Method 'SystemTextEncoderFallbackSystemTextEncoderFallbackget_ExceptionFallback', ID = '1583'
Method 'SystemTextDecoderFallbackSystemTextDecoderFallbackget_ExceptionFallback', ID = '1584'
Method 'SystemVoidSystemTextEncoderReplacementFallbackctorSystemString', ID = '1585'
Method 'SystemVoidSystemTextDecoderReplacementFallbackctorSystemString', ID = '1586'
Method 'SystemVoidSystemTextEncoderFallbackctor', ID = '1588'
Method 'SystemVoidSystemTextDecoderFallbackctor', ID = '1590'
Method 'SystemObjectCosmosCore_PlugsSystemTextEncoderFallbackImplget_InternalSyncObject', ID = '1592'
Method 'SystemVoidSystemThreadingMonitorThrowLockTakenException', ID = '1595'
Method 'SystemVoidCosmosCore_PlugsSystemThreadingMonitorImplExitSystemObject', ID = '1597'
Method 'SystemVoidSystemTextEncoderFallbackBufferctor', ID = '1599'
Method 'SystemVoidSystemTextEncoderReplacementFallbackBufferReset', ID = '1600'
Method 'SystemVoidCosmosCore_PlugsMemoryOperationsMemoryOperationsImplCopy64BytesSystemBytepointerSystemBytepointer', ID = '1601'
Method 'SystemVoidCosmosCore_PlugsMemoryOperationsMemoryOperationsImplCopy16BytesSystemBytepointerSystemBytepointer', ID = '1602'
Method 'SystemVoidCosmosCore_PlugsMemoryOperationsMemoryOperationsImplCopy32BytesSystemBytepointerSystemBytepointer', ID = '1603'
Method 'SystemVoidCosmosCore_PlugsMemoryOperationsMemoryOperationsImplCopy128BytesSystemBytepointerSystemBytepointer', ID = '1604'
Method 'SystemInt32SystemTextStringBuilderget_MaxCapacity', ID = '1606'
Method 'SystemTextStringBuilderSystemTextStringBuilderAppendSystemCharSystemInt32', ID = '1607'
Method 'SystemTextStringBuilderSystemTextStringBuilderFindChunkForIndexSystemInt32', ID = '1608'
Method 'SystemStringSystemSRget_ArgumentOutOfRange_Capacity', ID = '1609'
Method 'SystemStringSystemSRget_ArgumentOutOfRange_SmallMaxCapacity', ID = '1610'
Method 'SystemStringSystemSRget_ArgumentOutOfRange_MustBePositive', ID = '1611'
Method 'SystemVoidSystemCollectionsGenericList1anonymousTypeCosmosSystemKeyMappingset_CapacitySystemInt32', ID = '1613'
Method 'SystemVoidSystemCollectionsGenericList1anonymousTypeCosmosSystemFileSystemFileSystemFactoryEnsureCapacitySystemInt32', ID = '1614'
Method 'SystemVoidSystemCollectionsGenericList1anonymousTypeCosmosHALBlockDevicePartitionset_CapacitySystemInt32', ID = '1615'
Method 'SystemInt16SystemBitConverterReadInt16SystemBytearraySystemInt32', ID = '1616'
Method 'SystemVoidCosmosSystemFileSystemFileSystemctorCosmosHALBlockDevicePartitionSystemStringSystemInt64', ID = '1618'
Method 'CosmosHALBlockDevicePartitionCosmosSystemFileSystemFileSystemget_Device', ID = '1619'
Method 'SystemVoidCosmosSystemFileSystemFATFatFileSystemFatctorCosmosSystemFileSystemFATFatFileSystemSystemUInt64', ID = '1621'
Method 'SystemVoidSystemCollectionsGenericList1anonymousTypeCosmosSystemFileSystemFileSystemset_CapacitySystemInt32', ID = '1622'
Method 'SystemVoidCosmosSystem_PlugsSystemIODirectoryImplcctor', ID = '1623'
Method 'SystemVoidSystemTextDecoderReplacementFallbackctor', ID = '1626'
Method 'SystemVoidSystemTextEncoderExceptionFallbackctor', ID = '1628'
Method 'SystemVoidSystemTextDecoderExceptionFallbackctor', ID = '1630'
Method 'SystemBooleanSystemCharIsSurrogateSystemStringSystemInt32', ID = '1631'
Method 'SystemBooleanSystemCharIsHighSurrogateSystemStringSystemInt32', ID = '1632'
Method 'SystemStringSystemSRget_Argument_InvalidCharSequenceNoIndex', ID = '1633'
Method 'SystemInt32SystemTextInternalEncoderBestFitFallbackget_MaxCharCount', ID = '1635'
Method 'SystemStringSystemSRget_Argument_MustBeFalse', ID = '1637'
Method 'SystemVoidCosmosCore_PlugsSystemThreadingMonitorImplReliableEnterSystemObjectSystemBoolean', ID = '1638'
Method 'SystemInt32SystemTextEncoderReplacementFallbackBufferget_Remaining', ID = '1640'
Method 'SystemBooleanSystemTextEncoderReplacementFallbackBufferMovePrevious', ID = '1641'
Method 'SystemBooleanSystemTextEncoderReplacementFallbackBufferFallbackSystemCharSystemCharSystemInt32', ID = '1642'
Method 'SystemBooleanSystemTextEncoderReplacementFallbackBufferFallbackSystemCharSystemInt32', ID = '1643'
Method 'SystemCharSystemTextEncoderReplacementFallbackBufferGetNextChar', ID = '1644'
Method 'SystemVoidSystemMathcctor', ID = '1645'
Method 'SystemVoidSystemCollectionsGenericList1anonymousTypeCosmosSystemFileSystemFileSystemFactoryset_CapacitySystemInt32', ID = '1646'
Method 'SystemInt16SystemRuntimeCompilerServicesUnsafeReadUnalignedSystemInt16SystemByte', ID = '1648'
Method 'SystemVoidCosmosSystemFileSystemFATFatFileSystemDisplayFileSystemInfo', ID = '1649'
Method 'SystemObjectCosmosCore_PlugsSystemTextDecoderFallbackImplget_InternalSyncObject', ID = '1650'
Method 'SystemBooleanSystemCharIsSurrogateSystemChar', ID = '1653'
Method 'SystemTextEncoderFallbackBufferCosmosCore_PlugsSystemTextInternalEncoderBestFitFallbackImplCreateFallbackBuffer', ID = '1654'
Method 'SystemStringSystemSRget_ArgumentOutOfRange_Range', ID = '1655'
Method 'SystemInt32SystemTextEncoderExceptionFallbackget_MaxCharCount', ID = '1663'
Method 'SystemTextEncoderFallbackBufferSystemTextEncoderExceptionFallbackCreateFallbackBuffer', ID = '1664'
Method 'SystemStringCosmosSystem_PlugsSystemInt16ImplToString', ID = '1666'
Method 'SystemVoidSystemTextEncoderExceptionFallbackBufferctor', ID = '1667'
Method 'SystemInt32SystemTextEncoderExceptionFallbackBufferget_Remaining', ID = '1671'
Method 'SystemBooleanSystemTextEncoderExceptionFallbackBufferMovePrevious', ID = '1672'
Method 'SystemBooleanSystemTextEncoderExceptionFallbackBufferFallbackSystemCharSystemCharSystemInt32', ID = '1673'
Method 'SystemBooleanSystemTextEncoderExceptionFallbackBufferFallbackSystemCharSystemInt32', ID = '1674'
Method 'SystemCharSystemTextEncoderExceptionFallbackBufferGetNextChar', ID = '1675'
Method 'SystemStringSystemSRget_Argument_InvalidCodePageConversionIndex', ID = '1676'
Method 'SystemVoidSystemTextEncoderFallbackExceptionctorSystemStringSystemCharSystemCharSystemInt32', ID = '1677'
Method 'SystemVoidSystemTextEncoderFallbackExceptionctorSystemStringSystemCharSystemInt32', ID = '1678'
